2025-08-14 17:11:01,759 - INFO - === Phase1 限定導入実行開始 ===
2025-08-14 17:11:01,760 - INFO - Phase1環境準備開始
2025-08-14 17:11:01,765 - INFO - Phase1環境準備完了
2025-08-14 17:11:01,765 - INFO - Week 1: 基盤構築・初期検証開始
2025-08-14 17:11:01,765 - INFO - 本番環境インストール実行
2025-08-14 17:11:01,765 - INFO - 本番環境インストール完了（シミュレーション）
2025-08-14 17:11:01,766 - INFO - 限定ユーザーアカウント設定
2025-08-14 17:11:01,766 - INFO - ユーザー 'admin' アカウント設定完了
2025-08-14 17:11:01,766 - INFO - ユーザー 'poweruser1' アカウント設定完了
2025-08-14 17:11:01,766 - INFO - ユーザー 'poweruser2' アカウント設定完了
2025-08-14 17:11:01,766 - INFO - 初期テスト実行
2025-08-14 17:11:01,766 - INFO - テスト 'システム起動': 成功
2025-08-14 17:11:01,766 - INFO - テスト '基本機能動作': 成功
2025-08-14 17:11:01,766 - INFO - テスト 'データ処理': 成功
2025-08-14 17:11:01,766 - INFO - テスト 'エラーハンドリング': 成功
2025-08-14 17:11:01,766 - INFO - テスト '日本語表示': 成功
2025-08-14 17:11:01,766 - INFO - Week 1完了
2025-08-14 17:11:01,766 - INFO - Week 2: 実業務適用開始
2025-08-14 17:11:01,770 - INFO - Week 2完了
2025-08-14 17:11:01,770 - INFO - Week 3: 問題対応・調整開始
2025-08-14 17:11:01,770 - INFO - Week 3完了
2025-08-14 17:11:01,770 - INFO - Week 4: Phase1評価・次段階準備開始
2025-08-14 17:11:01,771 - INFO - Week 4完了
2025-08-14 17:11:01,771 - INFO - Phase1最終レポート作成
2025-08-14 17:11:01,772 - INFO - Phase1最終レポート作成完了: C:\ShiftAnalysis\phase1_limited_deployment\phase1_final_report.json
2025-08-14 17:11:11,340 - INFO - === Phase1 限定導入実行開始 ===
2025-08-14 17:11:11,341 - INFO - Phase1環境準備開始
2025-08-14 17:11:11,345 - INFO - Phase1環境準備完了
2025-08-14 17:11:11,345 - INFO - Week 1: 基盤構築・初期検証開始
2025-08-14 17:11:11,345 - INFO - 本番環境インストール実行
2025-08-14 17:11:11,345 - INFO - 本番環境インストール完了（シミュレーション）
2025-08-14 17:11:11,345 - INFO - 限定ユーザーアカウント設定
2025-08-14 17:11:11,345 - INFO - ユーザー 'admin' アカウント設定完了
2025-08-14 17:11:11,346 - INFO - ユーザー 'poweruser1' アカウント設定完了
2025-08-14 17:11:11,346 - INFO - ユーザー 'poweruser2' アカウント設定完了
2025-08-14 17:11:11,346 - INFO - 初期テスト実行
2025-08-14 17:11:11,346 - INFO - テスト 'システム起動': 成功
2025-08-14 17:11:11,346 - INFO - テスト '基本機能動作': 成功
2025-08-14 17:11:11,346 - INFO - テスト 'データ処理': 成功
2025-08-14 17:11:11,346 - INFO - テスト 'エラーハンドリング': 成功
2025-08-14 17:11:11,346 - INFO - テスト '日本語表示': 成功
2025-08-14 17:11:11,346 - INFO - Week 1完了
2025-08-14 17:11:11,346 - INFO - Week 2: 実業務適用開始
2025-08-14 17:11:11,349 - INFO - Week 2完了
2025-08-14 17:11:11,350 - INFO - Week 3: 問題対応・調整開始
2025-08-14 17:11:11,350 - INFO - Week 3完了
2025-08-14 17:11:11,350 - INFO - Week 4: Phase1評価・次段階準備開始
2025-08-14 17:11:11,350 - INFO - Week 4完了
2025-08-14 17:11:11,350 - INFO - Phase1最終レポート作成
2025-08-14 17:11:11,351 - INFO - Phase1最終レポート作成完了: C:\ShiftAnalysis\phase1_limited_deployment\phase1_final_report.json
