2025-08-05 12:16:55 [ANALYSIS] INFO: ============================================================
2025-08-05 12:16:55 [ANALYSIS] INFO: 不足分析ログ（分析段階）開始
2025-08-05 12:16:55 [ANALYSIS] INFO: ログファイル: C:\ShiftAnalysis\shortage_analysis.log
2025-08-05 12:16:55 [ANALYSIS] INFO: ============================================================
2025-08-05 12:17:00 [ANALYSIS] INFO: ============================================================
2025-08-05 12:17:00 [ANALYSIS] INFO: 不足分析ログ（分析段階）開始
2025-08-05 12:17:00 [ANALYSIS] INFO: ログファイル: C:\ShiftAnalysis\shortage_analysis.log
2025-08-05 12:17:00 [ANALYSIS] INFO: ============================================================
2025-08-05 12:17:04 [ANALYSIS] INFO: ============================================================
2025-08-05 12:17:04 [ANALYSIS] INFO: 不足分析ログ（分析段階）開始
2025-08-05 12:17:04 [ANALYSIS] INFO: ログファイル: C:\ShiftAnalysis\shortage_analysis.log
2025-08-05 12:17:04 [ANALYSIS] INFO: ============================================================
2025-08-05 12:17:08 [ANALYSIS] INFO: ============================================================
2025-08-05 12:17:08 [ANALYSIS] INFO: 不足分析ログ（分析段階）開始
2025-08-05 12:17:08 [ANALYSIS] INFO: ログファイル: C:\ShiftAnalysis\shortage_analysis.log
2025-08-05 12:17:08 [ANALYSIS] INFO: ============================================================
2025-08-05 12:22:19 [ANALYSIS] INFO: ============================================================
2025-08-05 12:22:19 [ANALYSIS] INFO: 不足分析ログ（分析段階）開始
2025-08-05 12:22:19 [ANALYSIS] INFO: ログファイル: C:\ShiftAnalysis\shortage_analysis.log
2025-08-05 12:22:19 [ANALYSIS] INFO: ============================================================
2025-08-05 12:22:24 [ANALYSIS] INFO: ============================================================
2025-08-05 12:22:24 [ANALYSIS] INFO: 不足分析ログ（分析段階）開始
2025-08-05 12:22:24 [ANALYSIS] INFO: ログファイル: C:\ShiftAnalysis\shortage_analysis.log
2025-08-05 12:22:24 [ANALYSIS] INFO: ============================================================
2025-08-05 12:22:28 [ANALYSIS] INFO: ============================================================
2025-08-05 12:22:28 [ANALYSIS] INFO: 不足分析ログ（分析段階）開始
2025-08-05 12:22:28 [ANALYSIS] INFO: ログファイル: C:\ShiftAnalysis\shortage_analysis.log
2025-08-05 12:22:28 [ANALYSIS] INFO: ============================================================
2025-08-05 12:46:45 [ANALYSIS] INFO: ============================================================
2025-08-05 12:46:45 [ANALYSIS] INFO: 不足分析ログ（分析段階）開始
2025-08-05 12:46:45 [ANALYSIS] INFO: ログファイル: C:\ShiftAnalysis\shortage_analysis.log
2025-08-05 12:46:45 [ANALYSIS] INFO: ============================================================
2025-08-05 12:50:07 [ANALYSIS] INFO: ============================================================
2025-08-05 12:50:07 [ANALYSIS] INFO: 不足分析ログ（分析段階）開始
2025-08-05 12:50:07 [ANALYSIS] INFO: ログファイル: C:\ShiftAnalysis\shortage_analysis.log
2025-08-05 12:50:07 [ANALYSIS] INFO: ============================================================
2025-08-05 12:50:15 [ANALYSIS] INFO: ============================================================
2025-08-05 12:50:15 [ANALYSIS] INFO: 不足分析ログ（分析段階）開始
2025-08-05 12:50:15 [ANALYSIS] INFO: ログファイル: C:\ShiftAnalysis\shortage_analysis.log
2025-08-05 12:50:15 [ANALYSIS] INFO: ============================================================
2025-08-05 12:52:47 [ANALYSIS] INFO: ============================================================
2025-08-05 12:52:47 [ANALYSIS] INFO: 不足分析ログ（分析段階）開始
2025-08-05 12:52:47 [ANALYSIS] INFO: ログファイル: C:\ShiftAnalysis\shortage_analysis.log
2025-08-05 12:52:47 [ANALYSIS] INFO: ============================================================
2025-08-05 12:56:20 [ANALYSIS] INFO: ============================================================
2025-08-05 12:56:20 [ANALYSIS] INFO: 不足分析ログ（分析段階）開始
2025-08-05 12:56:20 [ANALYSIS] INFO: ログファイル: C:\ShiftAnalysis\shortage_analysis.log
2025-08-05 12:56:20 [ANALYSIS] INFO: ============================================================
2025-08-05 13:19:51 [ANALYSIS] INFO: ============================================================
2025-08-05 13:19:51 [ANALYSIS] INFO: 不足分析ログ（分析段階）開始
2025-08-05 13:19:51 [ANALYSIS] INFO: ログファイル: C:\ShiftAnalysis\shortage_analysis.log
2025-08-05 13:19:51 [ANALYSIS] INFO: ============================================================
2025-08-05 15:52:05 [ANALYSIS] INFO: ============================================================
2025-08-05 15:52:05 [ANALYSIS] INFO: 不足分析ログ（分析段階）開始
2025-08-05 15:52:05 [ANALYSIS] INFO: ログファイル: C:\ShiftAnalysis\shortage_analysis.log
2025-08-05 15:52:05 [ANALYSIS] INFO: ============================================================
2025-08-05 15:53:15 [ANALYSIS] INFO: === 時間軸ベース分析開始 ===
2025-08-05 15:53:15 [ANALYSIS] INFO: working_data_for_proportional: 5767行
2025-08-05 15:53:15 [ANALYSIS] INFO: total_shortage_baseline: -2505.00時間
2025-08-05 15:53:15 [ANALYSIS] INFO: calculate_time_axis_shortage呼び出し開始
2025-08-05 15:53:16 [ANALYSIS] INFO: calculate_time_axis_shortage完了
2025-08-05 15:53:16 [ANALYSIS] INFO: 時間軸ベース分析による職種別不足時間（ベースライン-2505.0h）: {'介護（W/2）': 129.5999999999999}
2025-08-05 15:53:16 [ANALYSIS] INFO: === 職種別不足サマリー保存 ===
2025-08-05 15:53:16 [ANALYSIS] INFO: role_summary_df: 12行
2025-08-05 15:53:16 [ANALYSIS] INFO: columns: ['role', 'need_h', 'staff_h', 'lack_h', 'excess_h', 'working_days_considered', 'estimated_excess_cost', 'estimated_lack_cost_if_temporary_staff', 'estimated_lack_penalty_cost']
2025-08-05 15:53:16 [ANALYSIS] INFO: 職種一覧: ['emp_パート', 'emp_正社員', '介護', 'emp_スポット', '介護・相談員', '管理者・相談員', '運転士', '事務・介護', '介護（W_3）', '機能訓練士', '介護（W_2）', '看護師']
2025-08-05 15:53:16 [ANALYSIS] INFO: 不足時間合計: 692.00時間
2025-08-05 15:53:16 [ANALYSIS] INFO:   emp_パート: 250.00時間不足
2025-08-05 15:53:16 [ANALYSIS] INFO:   emp_正社員: 168.00時間不足
2025-08-05 15:53:16 [ANALYSIS] INFO:   介護: 69.00時間不足
2025-08-05 15:53:16 [ANALYSIS] INFO:   emp_スポット: 36.00時間不足
2025-08-05 15:53:16 [ANALYSIS] INFO:   介護・相談員: 36.00時間不足
2025-08-05 15:53:16 [ANALYSIS] INFO:   管理者・相談員: 27.00時間不足
2025-08-05 15:53:16 [ANALYSIS] INFO:   運転士: 27.00時間不足
2025-08-05 15:53:16 [ANALYSIS] INFO:   事務・介護: 26.00時間不足
2025-08-05 15:53:16 [ANALYSIS] INFO:   介護（W_3）: 25.00時間不足
2025-08-05 15:53:16 [ANALYSIS] INFO:   機能訓練士: 18.00時間不足
2025-08-05 15:53:16 [ANALYSIS] INFO:   介護（W_2）: 10.00時間不足
2025-08-05 15:53:16 [ANALYSIS] INFO:   看護師: 0.00時間不足
2025-08-05 15:53:16 [ANALYSIS] INFO: shortage_role_summary.parquet保存完了: C:\Users\fuji1\AppData\Local\Temp\ShiftSuiteWizard_i_54qo39\out\out_median_based\shortage_role_summary.parquet
2025-08-05 15:53:18 [ANALYSIS] INFO: === 雇用形態別不足サマリー保存 ===
2025-08-05 15:53:18 [ANALYSIS] INFO: emp_summary_df: 3行
2025-08-05 15:53:18 [ANALYSIS] INFO: columns: ['employment', 'need_h', 'staff_h', 'lack_h', 'excess_h', 'working_days_considered', 'estimated_excess_cost', 'estimated_lack_cost_if_temporary_staff', 'estimated_lack_penalty_cost']
2025-08-05 15:53:18 [ANALYSIS] INFO: 雇用形態一覧: ['パート', '正社員', 'スポット']
2025-08-05 15:53:18 [ANALYSIS] INFO: 不足時間合計: 5184.00時間
2025-08-05 15:53:18 [ANALYSIS] INFO:   パート: 2770.00時間不足
2025-08-05 15:53:18 [ANALYSIS] INFO:   正社員: 1993.00時間不足
2025-08-05 15:53:18 [ANALYSIS] INFO:   スポット: 421.00時間不足
2025-08-05 15:53:18 [ANALYSIS] INFO: shortage_employment_summary.parquet保存完了: C:\Users\fuji1\AppData\Local\Temp\ShiftSuiteWizard_i_54qo39\out\out_median_based\shortage_employment_summary.parquet
2025-08-05 15:53:28 [ANALYSIS] INFO: === 時間軸ベース分析開始 ===
2025-08-05 15:53:28 [ANALYSIS] INFO: working_data_for_proportional: 5767行
2025-08-05 15:53:28 [ANALYSIS] INFO: total_shortage_baseline: -2505.00時間
2025-08-05 15:53:28 [ANALYSIS] INFO: calculate_time_axis_shortage呼び出し開始
2025-08-05 15:53:29 [ANALYSIS] INFO: calculate_time_axis_shortage完了
2025-08-05 15:53:29 [ANALYSIS] INFO: 時間軸ベース分析による職種別不足時間（ベースライン-2505.0h）: {'介護（W/2）': 129.5999999999999}
2025-08-05 15:53:29 [ANALYSIS] INFO: === 職種別不足サマリー保存 ===
2025-08-05 15:53:29 [ANALYSIS] INFO: role_summary_df: 12行
2025-08-05 15:53:29 [ANALYSIS] INFO: columns: ['role', 'need_h', 'staff_h', 'lack_h', 'excess_h', 'working_days_considered', 'estimated_excess_cost', 'estimated_lack_cost_if_temporary_staff', 'estimated_lack_penalty_cost']
2025-08-05 15:53:29 [ANALYSIS] INFO: 職種一覧: ['emp_パート', 'emp_正社員', '介護', 'emp_スポット', '介護・相談員', '管理者・相談員', '運転士', '事務・介護', '介護（W_3）', '機能訓練士', '介護（W_2）', '看護師']
2025-08-05 15:53:29 [ANALYSIS] INFO: 不足時間合計: 676.00時間
2025-08-05 15:53:29 [ANALYSIS] INFO:   emp_パート: 246.00時間不足
2025-08-05 15:53:29 [ANALYSIS] INFO:   emp_正社員: 168.00時間不足
2025-08-05 15:53:29 [ANALYSIS] INFO:   介護: 57.00時間不足
2025-08-05 15:53:29 [ANALYSIS] INFO:   emp_スポット: 36.00時間不足
2025-08-05 15:53:29 [ANALYSIS] INFO:   介護・相談員: 36.00時間不足
2025-08-05 15:53:29 [ANALYSIS] INFO:   管理者・相談員: 27.00時間不足
2025-08-05 15:53:29 [ANALYSIS] INFO:   運転士: 27.00時間不足
2025-08-05 15:53:29 [ANALYSIS] INFO:   事務・介護: 26.00時間不足
2025-08-05 15:53:29 [ANALYSIS] INFO:   介護（W_3）: 25.00時間不足
2025-08-05 15:53:29 [ANALYSIS] INFO:   機能訓練士: 18.00時間不足
2025-08-05 15:53:29 [ANALYSIS] INFO:   介護（W_2）: 10.00時間不足
2025-08-05 15:53:29 [ANALYSIS] INFO:   看護師: 0.00時間不足
2025-08-05 15:53:29 [ANALYSIS] INFO: shortage_role_summary.parquet保存完了: C:\Users\fuji1\AppData\Local\Temp\ShiftSuiteWizard_i_54qo39\out\out_mean_based\shortage_role_summary.parquet
2025-08-05 15:53:30 [ANALYSIS] INFO: === 雇用形態別不足サマリー保存 ===
2025-08-05 15:53:30 [ANALYSIS] INFO: emp_summary_df: 3行
2025-08-05 15:53:30 [ANALYSIS] INFO: columns: ['employment', 'need_h', 'staff_h', 'lack_h', 'excess_h', 'working_days_considered', 'estimated_excess_cost', 'estimated_lack_cost_if_temporary_staff', 'estimated_lack_penalty_cost']
2025-08-05 15:53:30 [ANALYSIS] INFO: 雇用形態一覧: ['パート', '正社員', 'スポット']
2025-08-05 15:53:30 [ANALYSIS] INFO: 不足時間合計: 5184.00時間
2025-08-05 15:53:30 [ANALYSIS] INFO:   パート: 2770.00時間不足
2025-08-05 15:53:30 [ANALYSIS] INFO:   正社員: 1993.00時間不足
2025-08-05 15:53:30 [ANALYSIS] INFO:   スポット: 421.00時間不足
2025-08-05 15:53:30 [ANALYSIS] INFO: shortage_employment_summary.parquet保存完了: C:\Users\fuji1\AppData\Local\Temp\ShiftSuiteWizard_i_54qo39\out\out_mean_based\shortage_employment_summary.parquet
2025-08-05 15:53:40 [ANALYSIS] INFO: === 時間軸ベース分析開始 ===
2025-08-05 15:53:40 [ANALYSIS] INFO: working_data_for_proportional: 5767行
2025-08-05 15:53:40 [ANALYSIS] INFO: total_shortage_baseline: -2505.00時間
2025-08-05 15:53:40 [ANALYSIS] INFO: calculate_time_axis_shortage呼び出し開始
2025-08-05 15:53:41 [ANALYSIS] INFO: calculate_time_axis_shortage完了
2025-08-05 15:53:41 [ANALYSIS] INFO: 時間軸ベース分析による職種別不足時間（ベースライン-2505.0h）: {'介護（W/2）': 129.5999999999999}
2025-08-05 15:53:41 [ANALYSIS] INFO: === 職種別不足サマリー保存 ===
2025-08-05 15:53:41 [ANALYSIS] INFO: role_summary_df: 12行
2025-08-05 15:53:41 [ANALYSIS] INFO: columns: ['role', 'need_h', 'staff_h', 'lack_h', 'excess_h', 'working_days_considered', 'estimated_excess_cost', 'estimated_lack_cost_if_temporary_staff', 'estimated_lack_penalty_cost']
2025-08-05 15:53:41 [ANALYSIS] INFO: 職種一覧: ['emp_パート', 'emp_正社員', 'emp_スポット', '介護', '管理者・相談員', '機能訓練士', '介護・相談員', '事務・介護', '介護（W_2）', '介護（W_3）', '運転士', '看護師']
2025-08-05 15:53:41 [ANALYSIS] INFO: 不足時間合計: 528.00時間
2025-08-05 15:53:41 [ANALYSIS] INFO:   emp_パート: 190.00時間不足
2025-08-05 15:53:41 [ANALYSIS] INFO:   emp_正社員: 168.00時間不足
2025-08-05 15:53:41 [ANALYSIS] INFO:   emp_スポット: 36.00時間不足
2025-08-05 15:53:41 [ANALYSIS] INFO:   介護: 34.00時間不足
2025-08-05 15:53:41 [ANALYSIS] INFO:   管理者・相談員: 26.00時間不足
2025-08-05 15:53:41 [ANALYSIS] INFO:   機能訓練士: 18.00時間不足
2025-08-05 15:53:41 [ANALYSIS] INFO:   介護・相談員: 18.00時間不足
2025-08-05 15:53:41 [ANALYSIS] INFO:   事務・介護: 10.00時間不足
2025-08-05 15:53:41 [ANALYSIS] INFO:   介護（W_2）: 10.00時間不足
2025-08-05 15:53:41 [ANALYSIS] INFO:   介護（W_3）: 9.00時間不足
2025-08-05 15:53:41 [ANALYSIS] INFO:   運転士: 9.00時間不足
2025-08-05 15:53:41 [ANALYSIS] INFO:   看護師: 0.00時間不足
2025-08-05 15:53:41 [ANALYSIS] INFO: shortage_role_summary.parquet保存完了: C:\Users\fuji1\AppData\Local\Temp\ShiftSuiteWizard_i_54qo39\out\out_p25_based\shortage_role_summary.parquet
2025-08-05 15:53:42 [ANALYSIS] INFO: === 雇用形態別不足サマリー保存 ===
2025-08-05 15:53:42 [ANALYSIS] INFO: emp_summary_df: 3行
2025-08-05 15:53:42 [ANALYSIS] INFO: columns: ['employment', 'need_h', 'staff_h', 'lack_h', 'excess_h', 'working_days_considered', 'estimated_excess_cost', 'estimated_lack_cost_if_temporary_staff', 'estimated_lack_penalty_cost']
2025-08-05 15:53:42 [ANALYSIS] INFO: 雇用形態一覧: ['パート', '正社員', 'スポット']
2025-08-05 15:53:42 [ANALYSIS] INFO: 不足時間合計: 5184.00時間
2025-08-05 15:53:42 [ANALYSIS] INFO:   パート: 2770.00時間不足
2025-08-05 15:53:42 [ANALYSIS] INFO:   正社員: 1993.00時間不足
2025-08-05 15:53:42 [ANALYSIS] INFO:   スポット: 421.00時間不足
2025-08-05 15:53:42 [ANALYSIS] INFO: shortage_employment_summary.parquet保存完了: C:\Users\fuji1\AppData\Local\Temp\ShiftSuiteWizard_i_54qo39\out\out_p25_based\shortage_employment_summary.parquet
2025-08-05 21:36:43 [ANALYSIS] INFO: ============================================================
2025-08-05 21:36:43 [ANALYSIS] INFO: 不足分析ログ（分析段階）開始
2025-08-05 21:36:43 [ANALYSIS] INFO: ログファイル: C:\ShiftAnalysis\shortage_analysis.log
2025-08-05 21:36:43 [ANALYSIS] INFO: ============================================================
2025-08-05 21:37:52 [ANALYSIS] INFO: ============================================================
2025-08-05 21:37:52 [ANALYSIS] INFO: 不足分析ログ（分析段階）開始
2025-08-05 21:37:52 [ANALYSIS] INFO: ログファイル: C:\ShiftAnalysis\shortage_analysis.log
2025-08-05 21:37:52 [ANALYSIS] INFO: ============================================================
2025-08-05 21:40:22 [ANALYSIS] INFO: ============================================================
2025-08-05 21:40:22 [ANALYSIS] INFO: 不足分析ログ（分析段階）開始
2025-08-05 21:40:22 [ANALYSIS] INFO: ログファイル: C:\ShiftAnalysis\shortage_analysis.log
2025-08-05 21:40:22 [ANALYSIS] INFO: ============================================================
2025-08-05 21:41:05 [ANALYSIS] INFO: ============================================================
2025-08-05 21:41:05 [ANALYSIS] INFO: 不足分析ログ（分析段階）開始
2025-08-05 21:41:05 [ANALYSIS] INFO: ログファイル: C:\ShiftAnalysis\shortage_analysis.log
2025-08-05 21:41:05 [ANALYSIS] INFO: ============================================================
2025-08-05 21:42:36 [ANALYSIS] INFO: ============================================================
2025-08-05 21:42:36 [ANALYSIS] INFO: 不足分析ログ（分析段階）開始
2025-08-05 21:42:36 [ANALYSIS] INFO: ログファイル: C:\ShiftAnalysis\shortage_analysis.log
2025-08-05 21:42:36 [ANALYSIS] INFO: ============================================================
2025-08-05 21:43:16 [ANALYSIS] INFO: ============================================================
2025-08-05 21:43:16 [ANALYSIS] INFO: 不足分析ログ（分析段階）開始
2025-08-05 21:43:16 [ANALYSIS] INFO: ログファイル: C:\ShiftAnalysis\shortage_analysis.log
2025-08-05 21:43:16 [ANALYSIS] INFO: ============================================================
2025-08-05 21:45:01 [ANALYSIS] INFO: ============================================================
2025-08-05 21:45:01 [ANALYSIS] INFO: 不足分析ログ（分析段階）開始
2025-08-05 21:45:01 [ANALYSIS] INFO: ログファイル: C:\ShiftAnalysis\shortage_analysis.log
2025-08-05 21:45:01 [ANALYSIS] INFO: ============================================================
2025-08-05 21:46:40 [ANALYSIS] INFO: ============================================================
2025-08-05 21:46:40 [ANALYSIS] INFO: 不足分析ログ（分析段階）開始
2025-08-05 21:46:40 [ANALYSIS] INFO: ログファイル: C:\ShiftAnalysis\shortage_analysis.log
2025-08-05 21:46:40 [ANALYSIS] INFO: ============================================================
2025-08-05 21:46:56 [ANALYSIS] INFO: ============================================================
2025-08-05 21:46:56 [ANALYSIS] INFO: 不足分析ログ（分析段階）開始
2025-08-05 21:46:56 [ANALYSIS] INFO: ログファイル: C:\ShiftAnalysis\shortage_analysis.log
2025-08-05 21:46:56 [ANALYSIS] INFO: ============================================================
2025-08-05 21:47:13 [ANALYSIS] INFO: ============================================================
2025-08-05 21:47:13 [ANALYSIS] INFO: 不足分析ログ（分析段階）開始
2025-08-05 21:47:13 [ANALYSIS] INFO: ログファイル: C:\ShiftAnalysis\shortage_analysis.log
2025-08-05 21:47:13 [ANALYSIS] INFO: ============================================================
2025-08-05 21:53:41 [ANALYSIS] INFO: ============================================================
2025-08-05 21:53:41 [ANALYSIS] INFO: 不足分析ログ（分析段階）開始
2025-08-05 21:53:41 [ANALYSIS] INFO: ログファイル: C:\ShiftAnalysis\shortage_analysis.log
2025-08-05 21:53:41 [ANALYSIS] INFO: ============================================================
2025-08-05 21:55:27 [ANALYSIS] INFO: ============================================================
2025-08-05 21:55:27 [ANALYSIS] INFO: 不足分析ログ（分析段階）開始
2025-08-05 21:55:27 [ANALYSIS] INFO: ログファイル: C:\ShiftAnalysis\shortage_analysis.log
2025-08-05 21:55:27 [ANALYSIS] INFO: ============================================================
2025-08-05 21:56:56 [ANALYSIS] INFO: ============================================================
2025-08-05 21:56:56 [ANALYSIS] INFO: 不足分析ログ（分析段階）開始
2025-08-05 21:56:56 [ANALYSIS] INFO: ログファイル: C:\ShiftAnalysis\shortage_analysis.log
2025-08-05 21:56:56 [ANALYSIS] INFO: ============================================================
2025-08-05 22:04:38 [ANALYSIS] INFO: ============================================================
2025-08-05 22:04:38 [ANALYSIS] INFO: 不足分析ログ（分析段階）開始
2025-08-05 22:04:38 [ANALYSIS] INFO: ログファイル: C:\ShiftAnalysis\shortage_analysis.log
2025-08-05 22:04:38 [ANALYSIS] INFO: ============================================================
2025-08-05 22:06:21 [ANALYSIS] INFO: === 時間軸ベース分析開始 ===
2025-08-05 22:06:21 [ANALYSIS] INFO: working_data_for_proportional: 5767行
2025-08-05 22:06:21 [ANALYSIS] INFO: total_shortage_baseline: -2505.00時間
2025-08-05 22:06:21 [ANALYSIS] INFO: calculate_time_axis_shortage呼び出し開始
2025-08-05 22:06:22 [ANALYSIS] INFO: calculate_time_axis_shortage完了
2025-08-05 22:06:22 [ANALYSIS] INFO: 時間軸ベース分析による職種別不足時間（ベースライン-2505.0h）: {'介護（W/2）': 129.5999999999999}
2025-08-05 22:06:22 [ANALYSIS] INFO: === 職種別不足サマリー保存 ===
2025-08-05 22:06:22 [ANALYSIS] INFO: role_summary_df: 12行
2025-08-05 22:06:22 [ANALYSIS] INFO: columns: ['role', 'need_h', 'staff_h', 'lack_h', 'excess_h', 'working_days_considered', 'estimated_excess_cost', 'estimated_lack_cost_if_temporary_staff', 'estimated_lack_penalty_cost']
2025-08-05 22:06:22 [ANALYSIS] INFO: 職種一覧: ['emp_パート', 'emp_正社員', '介護', 'emp_スポット', '介護・相談員', '管理者・相談員', '運転士', '事務・介護', '介護（W_3）', '機能訓練士', '介護（W_2）', '看護師']
2025-08-05 22:06:22 [ANALYSIS] INFO: 不足時間合計: 692.00時間
2025-08-05 22:06:22 [ANALYSIS] INFO:   emp_パート: 250.00時間不足
2025-08-05 22:06:22 [ANALYSIS] INFO:   emp_正社員: 168.00時間不足
2025-08-05 22:06:22 [ANALYSIS] INFO:   介護: 69.00時間不足
2025-08-05 22:06:22 [ANALYSIS] INFO:   emp_スポット: 36.00時間不足
2025-08-05 22:06:22 [ANALYSIS] INFO:   介護・相談員: 36.00時間不足
2025-08-05 22:06:22 [ANALYSIS] INFO:   管理者・相談員: 27.00時間不足
2025-08-05 22:06:22 [ANALYSIS] INFO:   運転士: 27.00時間不足
2025-08-05 22:06:22 [ANALYSIS] INFO:   事務・介護: 26.00時間不足
2025-08-05 22:06:22 [ANALYSIS] INFO:   介護（W_3）: 25.00時間不足
2025-08-05 22:06:22 [ANALYSIS] INFO:   機能訓練士: 18.00時間不足
2025-08-05 22:06:22 [ANALYSIS] INFO:   介護（W_2）: 10.00時間不足
2025-08-05 22:06:22 [ANALYSIS] INFO:   看護師: 0.00時間不足
2025-08-05 22:06:22 [ANALYSIS] INFO: shortage_role_summary.parquet保存完了: C:\Users\fuji1\AppData\Local\Temp\ShiftSuiteWizard_fc1_a568\out\out_median_based\shortage_role_summary.parquet
2025-08-05 22:06:24 [ANALYSIS] INFO: === 雇用形態別不足サマリー保存 ===
2025-08-05 22:06:24 [ANALYSIS] INFO: emp_summary_df: 3行
2025-08-05 22:06:24 [ANALYSIS] INFO: columns: ['employment', 'need_h', 'staff_h', 'lack_h', 'excess_h', 'working_days_considered', 'estimated_excess_cost', 'estimated_lack_cost_if_temporary_staff', 'estimated_lack_penalty_cost']
2025-08-05 22:06:24 [ANALYSIS] INFO: 雇用形態一覧: ['パート', '正社員', 'スポット']
2025-08-05 22:06:24 [ANALYSIS] INFO: 不足時間合計: 5184.00時間
2025-08-05 22:06:24 [ANALYSIS] INFO:   パート: 2770.00時間不足
2025-08-05 22:06:24 [ANALYSIS] INFO:   正社員: 1993.00時間不足
2025-08-05 22:06:24 [ANALYSIS] INFO:   スポット: 421.00時間不足
2025-08-05 22:06:24 [ANALYSIS] INFO: shortage_employment_summary.parquet保存完了: C:\Users\fuji1\AppData\Local\Temp\ShiftSuiteWizard_fc1_a568\out\out_median_based\shortage_employment_summary.parquet
2025-08-05 22:06:34 [ANALYSIS] INFO: === 時間軸ベース分析開始 ===
2025-08-05 22:06:34 [ANALYSIS] INFO: working_data_for_proportional: 5767行
2025-08-05 22:06:34 [ANALYSIS] INFO: total_shortage_baseline: -2505.00時間
2025-08-05 22:06:34 [ANALYSIS] INFO: calculate_time_axis_shortage呼び出し開始
2025-08-05 22:06:35 [ANALYSIS] INFO: calculate_time_axis_shortage完了
2025-08-05 22:06:35 [ANALYSIS] INFO: 時間軸ベース分析による職種別不足時間（ベースライン-2505.0h）: {'介護（W/2）': 129.5999999999999}
2025-08-05 22:06:35 [ANALYSIS] INFO: === 職種別不足サマリー保存 ===
2025-08-05 22:06:35 [ANALYSIS] INFO: role_summary_df: 12行
2025-08-05 22:06:35 [ANALYSIS] INFO: columns: ['role', 'need_h', 'staff_h', 'lack_h', 'excess_h', 'working_days_considered', 'estimated_excess_cost', 'estimated_lack_cost_if_temporary_staff', 'estimated_lack_penalty_cost']
2025-08-05 22:06:35 [ANALYSIS] INFO: 職種一覧: ['emp_パート', 'emp_正社員', '介護', 'emp_スポット', '介護・相談員', '管理者・相談員', '運転士', '事務・介護', '介護（W_3）', '機能訓練士', '介護（W_2）', '看護師']
2025-08-05 22:06:35 [ANALYSIS] INFO: 不足時間合計: 676.00時間
2025-08-05 22:06:35 [ANALYSIS] INFO:   emp_パート: 246.00時間不足
2025-08-05 22:06:35 [ANALYSIS] INFO:   emp_正社員: 168.00時間不足
2025-08-05 22:06:35 [ANALYSIS] INFO:   介護: 57.00時間不足
2025-08-05 22:06:35 [ANALYSIS] INFO:   emp_スポット: 36.00時間不足
2025-08-05 22:06:35 [ANALYSIS] INFO:   介護・相談員: 36.00時間不足
2025-08-05 22:06:35 [ANALYSIS] INFO:   管理者・相談員: 27.00時間不足
2025-08-05 22:06:35 [ANALYSIS] INFO:   運転士: 27.00時間不足
2025-08-05 22:06:35 [ANALYSIS] INFO:   事務・介護: 26.00時間不足
2025-08-05 22:06:35 [ANALYSIS] INFO:   介護（W_3）: 25.00時間不足
2025-08-05 22:06:35 [ANALYSIS] INFO:   機能訓練士: 18.00時間不足
2025-08-05 22:06:35 [ANALYSIS] INFO:   介護（W_2）: 10.00時間不足
2025-08-05 22:06:35 [ANALYSIS] INFO:   看護師: 0.00時間不足
2025-08-05 22:06:35 [ANALYSIS] INFO: shortage_role_summary.parquet保存完了: C:\Users\fuji1\AppData\Local\Temp\ShiftSuiteWizard_fc1_a568\out\out_mean_based\shortage_role_summary.parquet
2025-08-05 22:06:37 [ANALYSIS] INFO: === 雇用形態別不足サマリー保存 ===
2025-08-05 22:06:37 [ANALYSIS] INFO: emp_summary_df: 3行
2025-08-05 22:06:37 [ANALYSIS] INFO: columns: ['employment', 'need_h', 'staff_h', 'lack_h', 'excess_h', 'working_days_considered', 'estimated_excess_cost', 'estimated_lack_cost_if_temporary_staff', 'estimated_lack_penalty_cost']
2025-08-05 22:06:37 [ANALYSIS] INFO: 雇用形態一覧: ['パート', '正社員', 'スポット']
2025-08-05 22:06:37 [ANALYSIS] INFO: 不足時間合計: 5184.00時間
2025-08-05 22:06:37 [ANALYSIS] INFO:   パート: 2770.00時間不足
2025-08-05 22:06:37 [ANALYSIS] INFO:   正社員: 1993.00時間不足
2025-08-05 22:06:37 [ANALYSIS] INFO:   スポット: 421.00時間不足
2025-08-05 22:06:37 [ANALYSIS] INFO: shortage_employment_summary.parquet保存完了: C:\Users\fuji1\AppData\Local\Temp\ShiftSuiteWizard_fc1_a568\out\out_mean_based\shortage_employment_summary.parquet
2025-08-05 22:06:48 [ANALYSIS] INFO: === 時間軸ベース分析開始 ===
2025-08-05 22:06:48 [ANALYSIS] INFO: working_data_for_proportional: 5767行
2025-08-05 22:06:48 [ANALYSIS] INFO: total_shortage_baseline: -2505.00時間
2025-08-05 22:06:48 [ANALYSIS] INFO: calculate_time_axis_shortage呼び出し開始
2025-08-05 22:06:49 [ANALYSIS] INFO: calculate_time_axis_shortage完了
2025-08-05 22:06:49 [ANALYSIS] INFO: 時間軸ベース分析による職種別不足時間（ベースライン-2505.0h）: {'介護（W/2）': 129.5999999999999}
2025-08-05 22:06:49 [ANALYSIS] INFO: === 職種別不足サマリー保存 ===
2025-08-05 22:06:49 [ANALYSIS] INFO: role_summary_df: 12行
2025-08-05 22:06:49 [ANALYSIS] INFO: columns: ['role', 'need_h', 'staff_h', 'lack_h', 'excess_h', 'working_days_considered', 'estimated_excess_cost', 'estimated_lack_cost_if_temporary_staff', 'estimated_lack_penalty_cost']
2025-08-05 22:06:49 [ANALYSIS] INFO: 職種一覧: ['emp_パート', 'emp_正社員', 'emp_スポット', '介護', '管理者・相談員', '機能訓練士', '介護・相談員', '事務・介護', '介護（W_2）', '介護（W_3）', '運転士', '看護師']
2025-08-05 22:06:49 [ANALYSIS] INFO: 不足時間合計: 528.00時間
2025-08-05 22:06:49 [ANALYSIS] INFO:   emp_パート: 190.00時間不足
2025-08-05 22:06:49 [ANALYSIS] INFO:   emp_正社員: 168.00時間不足
2025-08-05 22:06:49 [ANALYSIS] INFO:   emp_スポット: 36.00時間不足
2025-08-05 22:06:49 [ANALYSIS] INFO:   介護: 34.00時間不足
2025-08-05 22:06:49 [ANALYSIS] INFO:   管理者・相談員: 26.00時間不足
2025-08-05 22:06:49 [ANALYSIS] INFO:   機能訓練士: 18.00時間不足
2025-08-05 22:06:49 [ANALYSIS] INFO:   介護・相談員: 18.00時間不足
2025-08-05 22:06:49 [ANALYSIS] INFO:   事務・介護: 10.00時間不足
2025-08-05 22:06:49 [ANALYSIS] INFO:   介護（W_2）: 10.00時間不足
2025-08-05 22:06:49 [ANALYSIS] INFO:   介護（W_3）: 9.00時間不足
2025-08-05 22:06:49 [ANALYSIS] INFO:   運転士: 9.00時間不足
2025-08-05 22:06:49 [ANALYSIS] INFO:   看護師: 0.00時間不足
2025-08-05 22:06:49 [ANALYSIS] INFO: shortage_role_summary.parquet保存完了: C:\Users\fuji1\AppData\Local\Temp\ShiftSuiteWizard_fc1_a568\out\out_p25_based\shortage_role_summary.parquet
2025-08-05 22:06:50 [ANALYSIS] INFO: === 雇用形態別不足サマリー保存 ===
2025-08-05 22:06:50 [ANALYSIS] INFO: emp_summary_df: 3行
2025-08-05 22:06:50 [ANALYSIS] INFO: columns: ['employment', 'need_h', 'staff_h', 'lack_h', 'excess_h', 'working_days_considered', 'estimated_excess_cost', 'estimated_lack_cost_if_temporary_staff', 'estimated_lack_penalty_cost']
2025-08-05 22:06:50 [ANALYSIS] INFO: 雇用形態一覧: ['パート', '正社員', 'スポット']
2025-08-05 22:06:50 [ANALYSIS] INFO: 不足時間合計: 5184.00時間
2025-08-05 22:06:50 [ANALYSIS] INFO:   パート: 2770.00時間不足
2025-08-05 22:06:50 [ANALYSIS] INFO:   正社員: 1993.00時間不足
2025-08-05 22:06:50 [ANALYSIS] INFO:   スポット: 421.00時間不足
2025-08-05 22:06:50 [ANALYSIS] INFO: shortage_employment_summary.parquet保存完了: C:\Users\fuji1\AppData\Local\Temp\ShiftSuiteWizard_fc1_a568\out\out_p25_based\shortage_employment_summary.parquet
2025-08-06 09:59:17 [ANALYSIS] INFO: ============================================================
2025-08-06 09:59:17 [ANALYSIS] INFO: 不足分析ログ（分析段階）開始
2025-08-06 09:59:17 [ANALYSIS] INFO: ログファイル: C:\ShiftAnalysis\shortage_analysis.log
2025-08-06 09:59:17 [ANALYSIS] INFO: ============================================================
2025-08-06 09:59:54 [ANALYSIS] INFO: ============================================================
2025-08-06 09:59:54 [ANALYSIS] INFO: 不足分析ログ（分析段階）開始
2025-08-06 09:59:54 [ANALYSIS] INFO: ログファイル: C:\ShiftAnalysis\shortage_analysis.log
2025-08-06 09:59:54 [ANALYSIS] INFO: ============================================================
2025-08-06 10:03:48 [ANALYSIS] INFO: ============================================================
2025-08-06 10:03:48 [ANALYSIS] INFO: 不足分析ログ（分析段階）開始
2025-08-06 10:03:48 [ANALYSIS] INFO: ログファイル: C:\ShiftAnalysis\shortage_analysis.log
2025-08-06 10:03:48 [ANALYSIS] INFO: ============================================================
2025-08-06 13:00:36 [ANALYSIS] INFO: ============================================================
2025-08-06 13:00:36 [ANALYSIS] INFO: 不足分析ログ（分析段階）開始
2025-08-06 13:00:36 [ANALYSIS] INFO: ログファイル: C:\ShiftAnalysis\shortage_analysis.log
2025-08-06 13:00:36 [ANALYSIS] INFO: ============================================================
2025-08-06 13:01:40 [ANALYSIS] INFO: ============================================================
2025-08-06 13:01:40 [ANALYSIS] INFO: 不足分析ログ（分析段階）開始
2025-08-06 13:01:40 [ANALYSIS] INFO: ログファイル: C:\ShiftAnalysis\shortage_analysis.log
2025-08-06 13:01:40 [ANALYSIS] INFO: ============================================================
2025-08-06 13:02:42 [ANALYSIS] INFO: ============================================================
2025-08-06 13:02:42 [ANALYSIS] INFO: 不足分析ログ（分析段階）開始
2025-08-06 13:02:42 [ANALYSIS] INFO: ログファイル: C:\ShiftAnalysis\shortage_analysis.log
2025-08-06 13:02:42 [ANALYSIS] INFO: ============================================================
2025-08-06 18:21:08 [ANALYSIS] INFO: ============================================================
2025-08-06 18:21:08 [ANALYSIS] INFO: 不足分析ログ（分析段階）開始
2025-08-06 18:21:08 [ANALYSIS] INFO: ログファイル: C:\ShiftAnalysis\shortage_analysis.log
2025-08-06 18:21:08 [ANALYSIS] INFO: ============================================================
2025-08-06 18:21:27 [ANALYSIS] INFO: ============================================================
2025-08-06 18:21:27 [ANALYSIS] INFO: 不足分析ログ（分析段階）開始
2025-08-06 18:21:27 [ANALYSIS] INFO: ログファイル: C:\ShiftAnalysis\shortage_analysis.log
2025-08-06 18:21:27 [ANALYSIS] INFO: ============================================================
2025-08-06 18:21:40 [ANALYSIS] INFO: ============================================================
2025-08-06 18:21:40 [ANALYSIS] INFO: 不足分析ログ（分析段階）開始
2025-08-06 18:21:40 [ANALYSIS] INFO: ログファイル: C:\ShiftAnalysis\shortage_analysis.log
2025-08-06 18:21:40 [ANALYSIS] INFO: ============================================================
2025-08-06 18:23:54 [ANALYSIS] INFO: ============================================================
2025-08-06 18:23:54 [ANALYSIS] INFO: 不足分析ログ（分析段階）開始
2025-08-06 18:23:54 [ANALYSIS] INFO: ログファイル: C:\ShiftAnalysis\shortage_analysis.log
2025-08-06 18:23:54 [ANALYSIS] INFO: ============================================================
2025-08-06 18:25:45 [ANALYSIS] INFO: ============================================================
2025-08-06 18:25:45 [ANALYSIS] INFO: 不足分析ログ（分析段階）開始
2025-08-06 18:25:45 [ANALYSIS] INFO: ログファイル: C:\ShiftAnalysis\shortage_analysis.log
2025-08-06 18:25:45 [ANALYSIS] INFO: ============================================================
2025-08-07 01:23:06 [ANALYSIS] INFO: ============================================================
2025-08-07 01:23:06 [ANALYSIS] INFO: 不足分析ログ（分析段階）開始
2025-08-07 01:23:06 [ANALYSIS] INFO: ログファイル: C:\ShiftAnalysis\shortage_analysis.log
2025-08-07 01:23:06 [ANALYSIS] INFO: ============================================================
2025-08-07 01:26:50 [ANALYSIS] INFO: ============================================================
2025-08-07 01:26:50 [ANALYSIS] INFO: 不足分析ログ（分析段階）開始
2025-08-07 01:26:50 [ANALYSIS] INFO: ログファイル: C:\ShiftAnalysis\shortage_analysis.log
2025-08-07 01:26:50 [ANALYSIS] INFO: ============================================================
2025-08-07 01:28:17 [ANALYSIS] INFO: ============================================================
2025-08-07 01:28:17 [ANALYSIS] INFO: 不足分析ログ（分析段階）開始
2025-08-07 01:28:17 [ANALYSIS] INFO: ログファイル: C:\ShiftAnalysis\shortage_analysis.log
2025-08-07 01:28:17 [ANALYSIS] INFO: ============================================================
2025-08-07 01:29:04 [ANALYSIS] INFO: ============================================================
2025-08-07 01:29:04 [ANALYSIS] INFO: 不足分析ログ（分析段階）開始
2025-08-07 01:29:04 [ANALYSIS] INFO: ログファイル: C:\ShiftAnalysis\shortage_analysis.log
2025-08-07 01:29:04 [ANALYSIS] INFO: ============================================================
2025-08-07 01:33:03 [ANALYSIS] INFO: ============================================================
2025-08-07 01:33:03 [ANALYSIS] INFO: 不足分析ログ（分析段階）開始
2025-08-07 01:33:03 [ANALYSIS] INFO: ログファイル: C:\ShiftAnalysis\shortage_analysis.log
2025-08-07 01:33:03 [ANALYSIS] INFO: ============================================================
2025-08-07 01:37:55 [ANALYSIS] INFO: ============================================================
2025-08-07 01:37:55 [ANALYSIS] INFO: 不足分析ログ（分析段階）開始
2025-08-07 01:37:55 [ANALYSIS] INFO: ログファイル: C:\ShiftAnalysis\shortage_analysis.log
2025-08-07 01:37:55 [ANALYSIS] INFO: ============================================================
2025-08-07 01:44:28 [ANALYSIS] INFO: ============================================================
2025-08-07 01:44:28 [ANALYSIS] INFO: 不足分析ログ（分析段階）開始
2025-08-07 01:44:28 [ANALYSIS] INFO: ログファイル: C:\ShiftAnalysis\shortage_analysis.log
2025-08-07 01:44:28 [ANALYSIS] INFO: ============================================================
2025-08-07 07:43:47 [ANALYSIS] INFO: ============================================================
2025-08-07 07:43:47 [ANALYSIS] INFO: 不足分析ログ（分析段階）開始
2025-08-07 07:43:47 [ANALYSIS] INFO: ログファイル: C:\ShiftAnalysis\shortage_analysis.log
2025-08-07 07:43:47 [ANALYSIS] INFO: ============================================================
2025-08-07 07:57:12 [ANALYSIS] INFO: ============================================================
2025-08-07 07:57:12 [ANALYSIS] INFO: 不足分析ログ（分析段階）開始
2025-08-07 07:57:12 [ANALYSIS] INFO: ログファイル: C:\ShiftAnalysis\shortage_analysis.log
2025-08-07 07:57:12 [ANALYSIS] INFO: ============================================================
2025-08-07 08:04:28 [ANALYSIS] INFO: ============================================================
2025-08-07 08:04:28 [ANALYSIS] INFO: 不足分析ログ（分析段階）開始
2025-08-07 08:04:28 [ANALYSIS] INFO: ログファイル: C:\ShiftAnalysis\shortage_analysis.log
2025-08-07 08:04:28 [ANALYSIS] INFO: ============================================================
2025-08-08 14:22:25 [ANALYSIS] INFO: ============================================================
2025-08-08 14:22:25 [ANALYSIS] INFO: 不足分析ログ（分析段階）開始
2025-08-08 14:22:25 [ANALYSIS] INFO: ログファイル: C:\ShiftAnalysis\shortage_analysis.log
2025-08-08 14:22:25 [ANALYSIS] INFO: ============================================================
2025-08-08 14:23:02 [ANALYSIS] INFO: ============================================================
2025-08-08 14:23:02 [ANALYSIS] INFO: 不足分析ログ（分析段階）開始
2025-08-08 14:23:02 [ANALYSIS] INFO: ログファイル: C:\ShiftAnalysis\shortage_analysis.log
2025-08-08 14:23:02 [ANALYSIS] INFO: ============================================================
2025-08-08 14:23:06 [ANALYSIS] INFO: ============================================================
2025-08-08 14:23:06 [ANALYSIS] INFO: 不足分析ログ（分析段階）開始
2025-08-08 14:23:06 [ANALYSIS] INFO: ログファイル: C:\ShiftAnalysis\shortage_analysis.log
2025-08-08 14:23:06 [ANALYSIS] INFO: ============================================================
2025-08-08 14:25:44 [ANALYSIS] INFO: ============================================================
2025-08-08 14:25:44 [ANALYSIS] INFO: 不足分析ログ（分析段階）開始
2025-08-08 14:25:44 [ANALYSIS] INFO: ログファイル: C:\ShiftAnalysis\shortage_analysis.log
2025-08-08 14:25:44 [ANALYSIS] INFO: ============================================================
2025-08-08 14:25:45 [ANALYSIS] INFO: ============================================================
2025-08-08 14:25:45 [ANALYSIS] INFO: 不足分析ログ（分析段階）開始
2025-08-08 14:25:45 [ANALYSIS] INFO: ログファイル: C:\ShiftAnalysis\shortage_analysis.log
2025-08-08 14:25:45 [ANALYSIS] INFO: ============================================================
2025-08-08 14:25:51 [ANALYSIS] INFO: ============================================================
2025-08-08 14:25:51 [ANALYSIS] INFO: 不足分析ログ（分析段階）開始
2025-08-08 14:25:51 [ANALYSIS] INFO: ログファイル: C:\ShiftAnalysis\shortage_analysis.log
2025-08-08 14:25:51 [ANALYSIS] INFO: ============================================================
2025-08-08 14:26:53 [ANALYSIS] INFO: === PHASE 1: 職種別詳細分析 vs 時間軸ベース分析開始 ===
2025-08-08 14:26:53 [ANALYSIS] INFO: working_data_for_proportional: 5767行
2025-08-08 14:26:53 [ANALYSIS] INFO: total_shortage_baseline: -2505.00時間
2025-08-08 14:26:53 [ANALYSIS] INFO: === 職種別詳細分析（按分廃止）実行 ===
2025-08-08 14:26:53 [ANALYSIS] INFO: [職種別詳細分析結果] {}
2025-08-08 14:26:53 [ANALYSIS] INFO: [比較分析結果] {'method': 'Phase1_POC'}
2025-08-08 14:26:53 [ANALYSIS] INFO: === 時間軸ベース分析（従来手法）実行 ===
2025-08-08 14:26:54 [ANALYSIS] INFO: calculate_time_axis_shortage完了
2025-08-08 14:26:54 [ANALYSIS] INFO: 時間軸ベース分析による職種別不足時間（ベースライン-2505.0h）: {'介護（W/2）': 129.5999999999999}
2025-08-08 14:26:54 [ANALYSIS] INFO: === 職種別不足サマリー保存 ===
2025-08-08 14:26:54 [ANALYSIS] INFO: role_summary_df: 12行
2025-08-08 14:26:54 [ANALYSIS] INFO: columns: ['role', 'need_h', 'staff_h', 'lack_h', 'excess_h', 'working_days_considered', 'estimated_excess_cost', 'estimated_lack_cost_if_temporary_staff', 'estimated_lack_penalty_cost']
2025-08-08 14:26:54 [ANALYSIS] INFO: 職種一覧: ['emp_パート', 'emp_正社員', '介護', 'emp_スポット', '介護・相談員', '管理者・相談員', '運転士', '事務・介護', '介護（W_3）', '機能訓練士', '介護（W_2）', '看護師']
2025-08-08 14:26:54 [ANALYSIS] INFO: 不足時間合計: 692.00時間
2025-08-08 14:26:54 [ANALYSIS] INFO:   emp_パート: 250.00時間不足
2025-08-08 14:26:54 [ANALYSIS] INFO:   emp_正社員: 168.00時間不足
2025-08-08 14:26:54 [ANALYSIS] INFO:   介護: 69.00時間不足
2025-08-08 14:26:54 [ANALYSIS] INFO:   emp_スポット: 36.00時間不足
2025-08-08 14:26:54 [ANALYSIS] INFO:   介護・相談員: 36.00時間不足
2025-08-08 14:26:54 [ANALYSIS] INFO:   管理者・相談員: 27.00時間不足
2025-08-08 14:26:54 [ANALYSIS] INFO:   運転士: 27.00時間不足
2025-08-08 14:26:54 [ANALYSIS] INFO:   事務・介護: 26.00時間不足
2025-08-08 14:26:54 [ANALYSIS] INFO:   介護（W_3）: 25.00時間不足
2025-08-08 14:26:54 [ANALYSIS] INFO:   機能訓練士: 18.00時間不足
2025-08-08 14:26:54 [ANALYSIS] INFO:   介護（W_2）: 10.00時間不足
2025-08-08 14:26:54 [ANALYSIS] INFO:   看護師: 0.00時間不足
2025-08-08 14:26:54 [ANALYSIS] INFO: shortage_role_summary.parquet保存完了: C:\Users\fuji1\AppData\Local\Temp\ShiftSuiteWizard_5sdj3jar\out\out_median_based\shortage_role_summary.parquet
2025-08-08 14:26:56 [ANALYSIS] INFO: === 雇用形態別不足サマリー保存 ===
2025-08-08 14:26:56 [ANALYSIS] INFO: emp_summary_df: 3行
2025-08-08 14:26:56 [ANALYSIS] INFO: columns: ['employment', 'need_h', 'staff_h', 'lack_h', 'excess_h', 'working_days_considered', 'estimated_excess_cost', 'estimated_lack_cost_if_temporary_staff', 'estimated_lack_penalty_cost']
2025-08-08 14:26:56 [ANALYSIS] INFO: 雇用形態一覧: ['パート', '正社員', 'スポット']
2025-08-08 14:26:56 [ANALYSIS] INFO: 不足時間合計: 5184.00時間
2025-08-08 14:26:56 [ANALYSIS] INFO:   パート: 2770.00時間不足
2025-08-08 14:26:56 [ANALYSIS] INFO:   正社員: 1993.00時間不足
2025-08-08 14:26:56 [ANALYSIS] INFO:   スポット: 421.00時間不足
2025-08-08 14:26:56 [ANALYSIS] INFO: shortage_employment_summary.parquet保存完了: C:\Users\fuji1\AppData\Local\Temp\ShiftSuiteWizard_5sdj3jar\out\out_median_based\shortage_employment_summary.parquet
2025-08-08 14:26:59 [ANALYSIS] INFO: ============================================================
2025-08-08 14:26:59 [ANALYSIS] INFO: 不足分析ログ（分析段階）開始
2025-08-08 14:26:59 [ANALYSIS] INFO: ログファイル: C:\ShiftAnalysis\shortage_analysis.log
2025-08-08 14:26:59 [ANALYSIS] INFO: ============================================================
2025-08-08 14:27:06 [ANALYSIS] INFO: === PHASE 1: 職種別詳細分析 vs 時間軸ベース分析開始 ===
2025-08-08 14:27:06 [ANALYSIS] INFO: working_data_for_proportional: 5767行
2025-08-08 14:27:06 [ANALYSIS] INFO: total_shortage_baseline: -2505.00時間
2025-08-08 14:27:06 [ANALYSIS] INFO: === 職種別詳細分析（按分廃止）実行 ===
2025-08-08 14:27:06 [ANALYSIS] INFO: [職種別詳細分析結果] {}
2025-08-08 14:27:06 [ANALYSIS] INFO: [比較分析結果] {'method': 'Phase1_POC'}
2025-08-08 14:27:06 [ANALYSIS] INFO: === 時間軸ベース分析（従来手法）実行 ===
2025-08-08 14:27:07 [ANALYSIS] INFO: calculate_time_axis_shortage完了
2025-08-08 14:27:07 [ANALYSIS] INFO: 時間軸ベース分析による職種別不足時間（ベースライン-2505.0h）: {'介護（W/2）': 129.5999999999999}
2025-08-08 14:27:07 [ANALYSIS] INFO: === 職種別不足サマリー保存 ===
2025-08-08 14:27:07 [ANALYSIS] INFO: role_summary_df: 12行
2025-08-08 14:27:07 [ANALYSIS] INFO: columns: ['role', 'need_h', 'staff_h', 'lack_h', 'excess_h', 'working_days_considered', 'estimated_excess_cost', 'estimated_lack_cost_if_temporary_staff', 'estimated_lack_penalty_cost']
2025-08-08 14:27:07 [ANALYSIS] INFO: 職種一覧: ['emp_パート', 'emp_正社員', '介護', 'emp_スポット', '介護・相談員', '管理者・相談員', '運転士', '事務・介護', '介護（W_3）', '機能訓練士', '介護（W_2）', '看護師']
2025-08-08 14:27:07 [ANALYSIS] INFO: 不足時間合計: 676.00時間
2025-08-08 14:27:07 [ANALYSIS] INFO:   emp_パート: 246.00時間不足
2025-08-08 14:27:07 [ANALYSIS] INFO:   emp_正社員: 168.00時間不足
2025-08-08 14:27:07 [ANALYSIS] INFO:   介護: 57.00時間不足
2025-08-08 14:27:07 [ANALYSIS] INFO:   emp_スポット: 36.00時間不足
2025-08-08 14:27:07 [ANALYSIS] INFO:   介護・相談員: 36.00時間不足
2025-08-08 14:27:07 [ANALYSIS] INFO:   管理者・相談員: 27.00時間不足
2025-08-08 14:27:07 [ANALYSIS] INFO:   運転士: 27.00時間不足
2025-08-08 14:27:07 [ANALYSIS] INFO:   事務・介護: 26.00時間不足
2025-08-08 14:27:07 [ANALYSIS] INFO:   介護（W_3）: 25.00時間不足
2025-08-08 14:27:07 [ANALYSIS] INFO:   機能訓練士: 18.00時間不足
2025-08-08 14:27:07 [ANALYSIS] INFO:   介護（W_2）: 10.00時間不足
2025-08-08 14:27:07 [ANALYSIS] INFO:   看護師: 0.00時間不足
2025-08-08 14:27:07 [ANALYSIS] INFO: shortage_role_summary.parquet保存完了: C:\Users\fuji1\AppData\Local\Temp\ShiftSuiteWizard_5sdj3jar\out\out_mean_based\shortage_role_summary.parquet
2025-08-08 14:27:09 [ANALYSIS] INFO: === 雇用形態別不足サマリー保存 ===
2025-08-08 14:27:09 [ANALYSIS] INFO: emp_summary_df: 3行
2025-08-08 14:27:09 [ANALYSIS] INFO: columns: ['employment', 'need_h', 'staff_h', 'lack_h', 'excess_h', 'working_days_considered', 'estimated_excess_cost', 'estimated_lack_cost_if_temporary_staff', 'estimated_lack_penalty_cost']
2025-08-08 14:27:09 [ANALYSIS] INFO: 雇用形態一覧: ['パート', '正社員', 'スポット']
2025-08-08 14:27:09 [ANALYSIS] INFO: 不足時間合計: 5184.00時間
2025-08-08 14:27:09 [ANALYSIS] INFO:   パート: 2770.00時間不足
2025-08-08 14:27:09 [ANALYSIS] INFO:   正社員: 1993.00時間不足
2025-08-08 14:27:09 [ANALYSIS] INFO:   スポット: 421.00時間不足
2025-08-08 14:27:09 [ANALYSIS] INFO: shortage_employment_summary.parquet保存完了: C:\Users\fuji1\AppData\Local\Temp\ShiftSuiteWizard_5sdj3jar\out\out_mean_based\shortage_employment_summary.parquet
2025-08-08 14:27:20 [ANALYSIS] INFO: === PHASE 1: 職種別詳細分析 vs 時間軸ベース分析開始 ===
2025-08-08 14:27:20 [ANALYSIS] INFO: working_data_for_proportional: 5767行
2025-08-08 14:27:20 [ANALYSIS] INFO: total_shortage_baseline: -2505.00時間
2025-08-08 14:27:20 [ANALYSIS] INFO: === 職種別詳細分析（按分廃止）実行 ===
2025-08-08 14:27:20 [ANALYSIS] INFO: [職種別詳細分析結果] {}
2025-08-08 14:27:20 [ANALYSIS] INFO: [比較分析結果] {'method': 'Phase1_POC'}
2025-08-08 14:27:20 [ANALYSIS] INFO: === 時間軸ベース分析（従来手法）実行 ===
2025-08-08 14:27:21 [ANALYSIS] INFO: calculate_time_axis_shortage完了
2025-08-08 14:27:21 [ANALYSIS] INFO: 時間軸ベース分析による職種別不足時間（ベースライン-2505.0h）: {'介護（W/2）': 129.5999999999999}
2025-08-08 14:27:21 [ANALYSIS] INFO: === 職種別不足サマリー保存 ===
2025-08-08 14:27:21 [ANALYSIS] INFO: role_summary_df: 12行
2025-08-08 14:27:21 [ANALYSIS] INFO: columns: ['role', 'need_h', 'staff_h', 'lack_h', 'excess_h', 'working_days_considered', 'estimated_excess_cost', 'estimated_lack_cost_if_temporary_staff', 'estimated_lack_penalty_cost']
2025-08-08 14:27:21 [ANALYSIS] INFO: 職種一覧: ['emp_パート', 'emp_正社員', 'emp_スポット', '介護', '管理者・相談員', '機能訓練士', '介護・相談員', '事務・介護', '介護（W_2）', '介護（W_3）', '運転士', '看護師']
2025-08-08 14:27:21 [ANALYSIS] INFO: 不足時間合計: 528.00時間
2025-08-08 14:27:21 [ANALYSIS] INFO:   emp_パート: 190.00時間不足
2025-08-08 14:27:21 [ANALYSIS] INFO:   emp_正社員: 168.00時間不足
2025-08-08 14:27:21 [ANALYSIS] INFO:   emp_スポット: 36.00時間不足
2025-08-08 14:27:21 [ANALYSIS] INFO:   介護: 34.00時間不足
2025-08-08 14:27:21 [ANALYSIS] INFO:   管理者・相談員: 26.00時間不足
2025-08-08 14:27:21 [ANALYSIS] INFO:   機能訓練士: 18.00時間不足
2025-08-08 14:27:21 [ANALYSIS] INFO:   介護・相談員: 18.00時間不足
2025-08-08 14:27:21 [ANALYSIS] INFO:   事務・介護: 10.00時間不足
2025-08-08 14:27:21 [ANALYSIS] INFO:   介護（W_2）: 10.00時間不足
2025-08-08 14:27:21 [ANALYSIS] INFO:   介護（W_3）: 9.00時間不足
2025-08-08 14:27:21 [ANALYSIS] INFO:   運転士: 9.00時間不足
2025-08-08 14:27:21 [ANALYSIS] INFO:   看護師: 0.00時間不足
2025-08-08 14:27:21 [ANALYSIS] INFO: shortage_role_summary.parquet保存完了: C:\Users\fuji1\AppData\Local\Temp\ShiftSuiteWizard_5sdj3jar\out\out_p25_based\shortage_role_summary.parquet
2025-08-08 14:27:23 [ANALYSIS] INFO: === 雇用形態別不足サマリー保存 ===
2025-08-08 14:27:23 [ANALYSIS] INFO: emp_summary_df: 3行
2025-08-08 14:27:23 [ANALYSIS] INFO: columns: ['employment', 'need_h', 'staff_h', 'lack_h', 'excess_h', 'working_days_considered', 'estimated_excess_cost', 'estimated_lack_cost_if_temporary_staff', 'estimated_lack_penalty_cost']
2025-08-08 14:27:23 [ANALYSIS] INFO: 雇用形態一覧: ['パート', '正社員', 'スポット']
2025-08-08 14:27:23 [ANALYSIS] INFO: 不足時間合計: 5184.00時間
2025-08-08 14:27:23 [ANALYSIS] INFO:   パート: 2770.00時間不足
2025-08-08 14:27:23 [ANALYSIS] INFO:   正社員: 1993.00時間不足
2025-08-08 14:27:23 [ANALYSIS] INFO:   スポット: 421.00時間不足
2025-08-08 14:27:23 [ANALYSIS] INFO: shortage_employment_summary.parquet保存完了: C:\Users\fuji1\AppData\Local\Temp\ShiftSuiteWizard_5sdj3jar\out\out_p25_based\shortage_employment_summary.parquet
2025-08-08 14:32:24 [ANALYSIS] INFO: ============================================================
2025-08-08 14:32:24 [ANALYSIS] INFO: 不足分析ログ（分析段階）開始
2025-08-08 14:32:24 [ANALYSIS] INFO: ログファイル: C:\ShiftAnalysis\shortage_analysis.log
2025-08-08 14:32:24 [ANALYSIS] INFO: ============================================================
2025-08-08 14:32:53 [ANALYSIS] INFO: ============================================================
2025-08-08 14:32:53 [ANALYSIS] INFO: 不足分析ログ（分析段階）開始
2025-08-08 14:32:53 [ANALYSIS] INFO: ログファイル: C:\ShiftAnalysis\shortage_analysis.log
2025-08-08 14:32:53 [ANALYSIS] INFO: ============================================================
2025-08-08 14:44:23 [ANALYSIS] INFO: ============================================================
2025-08-08 14:44:23 [ANALYSIS] INFO: 不足分析ログ（分析段階）開始
2025-08-08 14:44:23 [ANALYSIS] INFO: ログファイル: C:\ShiftAnalysis\shortage_analysis.log
2025-08-08 14:44:23 [ANALYSIS] INFO: ============================================================
2025-08-08 14:44:38 [ANALYSIS] INFO: ============================================================
2025-08-08 14:44:38 [ANALYSIS] INFO: 不足分析ログ（分析段階）開始
2025-08-08 14:44:38 [ANALYSIS] INFO: ログファイル: C:\ShiftAnalysis\shortage_analysis.log
2025-08-08 14:44:38 [ANALYSIS] INFO: ============================================================
2025-08-08 14:44:45 [ANALYSIS] INFO: ============================================================
2025-08-08 14:44:45 [ANALYSIS] INFO: 不足分析ログ（分析段階）開始
2025-08-08 14:44:45 [ANALYSIS] INFO: ログファイル: C:\ShiftAnalysis\shortage_analysis.log
2025-08-08 14:44:45 [ANALYSIS] INFO: ============================================================
2025-08-08 14:44:56 [ANALYSIS] INFO: ============================================================
2025-08-08 14:44:56 [ANALYSIS] INFO: 不足分析ログ（分析段階）開始
2025-08-08 14:44:56 [ANALYSIS] INFO: ログファイル: C:\ShiftAnalysis\shortage_analysis.log
2025-08-08 14:44:56 [ANALYSIS] INFO: ============================================================
2025-08-08 14:45:58 [ANALYSIS] INFO: ============================================================
2025-08-08 14:45:58 [ANALYSIS] INFO: 不足分析ログ（分析段階）開始
2025-08-08 14:45:58 [ANALYSIS] INFO: ログファイル: C:\ShiftAnalysis\shortage_analysis.log
2025-08-08 14:45:58 [ANALYSIS] INFO: ============================================================
2025-08-08 15:00:33 [ANALYSIS] INFO: ============================================================
2025-08-08 15:00:33 [ANALYSIS] INFO: 不足分析ログ（分析段階）開始
2025-08-08 15:00:33 [ANALYSIS] INFO: ログファイル: C:\ShiftAnalysis\shortage_analysis.log
2025-08-08 15:00:33 [ANALYSIS] INFO: ============================================================
2025-08-08 15:03:58 [ANALYSIS] INFO: ============================================================
2025-08-08 15:03:58 [ANALYSIS] INFO: 不足分析ログ（分析段階）開始
2025-08-08 15:03:58 [ANALYSIS] INFO: ログファイル: C:\ShiftAnalysis\shortage_analysis.log
2025-08-08 15:03:58 [ANALYSIS] INFO: ============================================================
2025-08-08 15:04:39 [ANALYSIS] INFO: ============================================================
2025-08-08 15:04:39 [ANALYSIS] INFO: 不足分析ログ（分析段階）開始
2025-08-08 15:04:39 [ANALYSIS] INFO: ログファイル: C:\ShiftAnalysis\shortage_analysis.log
2025-08-08 15:04:39 [ANALYSIS] INFO: ============================================================
2025-08-08 15:05:47 [ANALYSIS] INFO: ============================================================
2025-08-08 15:05:47 [ANALYSIS] INFO: 不足分析ログ（分析段階）開始
2025-08-08 15:05:47 [ANALYSIS] INFO: ログファイル: C:\ShiftAnalysis\shortage_analysis.log
2025-08-08 15:05:47 [ANALYSIS] INFO: ============================================================
2025-08-08 15:05:51 [ANALYSIS] INFO: ============================================================
2025-08-08 15:05:51 [ANALYSIS] INFO: 不足分析ログ（分析段階）開始
2025-08-08 15:05:51 [ANALYSIS] INFO: ログファイル: C:\ShiftAnalysis\shortage_analysis.log
2025-08-08 15:05:51 [ANALYSIS] INFO: ============================================================
2025-08-08 19:09:36 [ANALYSIS] INFO: ============================================================
2025-08-08 19:09:36 [ANALYSIS] INFO: 不足分析ログ（分析段階）開始
2025-08-08 19:09:36 [ANALYSIS] INFO: ログファイル: C:\ShiftAnalysis\shortage_analysis.log
2025-08-08 19:09:36 [ANALYSIS] INFO: ============================================================
2025-08-08 19:10:23 [ANALYSIS] INFO: ============================================================
2025-08-08 19:10:23 [ANALYSIS] INFO: 不足分析ログ（分析段階）開始
2025-08-08 19:10:23 [ANALYSIS] INFO: ログファイル: C:\ShiftAnalysis\shortage_analysis.log
2025-08-08 19:10:23 [ANALYSIS] INFO: ============================================================
2025-08-08 19:10:47 [ANALYSIS] INFO: ============================================================
2025-08-08 19:10:47 [ANALYSIS] INFO: 不足分析ログ（分析段階）開始
2025-08-08 19:10:47 [ANALYSIS] INFO: ログファイル: C:\ShiftAnalysis\shortage_analysis.log
2025-08-08 19:10:47 [ANALYSIS] INFO: ============================================================
2025-08-08 19:12:49 [ANALYSIS] INFO: ============================================================
2025-08-08 19:12:49 [ANALYSIS] INFO: 不足分析ログ（分析段階）開始
2025-08-08 19:12:49 [ANALYSIS] INFO: ログファイル: C:\ShiftAnalysis\shortage_analysis.log
2025-08-08 19:12:49 [ANALYSIS] INFO: ============================================================
2025-08-08 19:13:21 [ANALYSIS] INFO: ============================================================
2025-08-08 19:13:21 [ANALYSIS] INFO: 不足分析ログ（分析段階）開始
2025-08-08 19:13:21 [ANALYSIS] INFO: ログファイル: C:\ShiftAnalysis\shortage_analysis.log
2025-08-08 19:13:21 [ANALYSIS] INFO: ============================================================
2025-08-08 19:13:28 [ANALYSIS] INFO: ============================================================
2025-08-08 19:13:28 [ANALYSIS] INFO: 不足分析ログ（分析段階）開始
2025-08-08 19:13:28 [ANALYSIS] INFO: ログファイル: C:\ShiftAnalysis\shortage_analysis.log
2025-08-08 19:13:28 [ANALYSIS] INFO: ============================================================
2025-08-08 19:13:42 [ANALYSIS] INFO: ============================================================
2025-08-08 19:13:42 [ANALYSIS] INFO: 不足分析ログ（分析段階）開始
2025-08-08 19:13:42 [ANALYSIS] INFO: ログファイル: C:\ShiftAnalysis\shortage_analysis.log
2025-08-08 19:13:42 [ANALYSIS] INFO: ============================================================
2025-08-08 19:14:06 [ANALYSIS] INFO: ============================================================
2025-08-08 19:14:06 [ANALYSIS] INFO: 不足分析ログ（分析段階）開始
2025-08-08 19:14:06 [ANALYSIS] INFO: ログファイル: C:\ShiftAnalysis\shortage_analysis.log
2025-08-08 19:14:06 [ANALYSIS] INFO: ============================================================
2025-08-08 19:14:11 [ANALYSIS] INFO: ============================================================
2025-08-08 19:14:11 [ANALYSIS] INFO: 不足分析ログ（分析段階）開始
2025-08-08 19:14:11 [ANALYSIS] INFO: ログファイル: C:\ShiftAnalysis\shortage_analysis.log
2025-08-08 19:14:11 [ANALYSIS] INFO: ============================================================
2025-08-08 19:14:42 [ANALYSIS] INFO: ============================================================
2025-08-08 19:14:42 [ANALYSIS] INFO: 不足分析ログ（分析段階）開始
2025-08-08 19:14:42 [ANALYSIS] INFO: ログファイル: C:\ShiftAnalysis\shortage_analysis.log
2025-08-08 19:14:42 [ANALYSIS] INFO: ============================================================
2025-08-08 19:14:46 [ANALYSIS] INFO: ============================================================
2025-08-08 19:14:46 [ANALYSIS] INFO: 不足分析ログ（分析段階）開始
2025-08-08 19:14:46 [ANALYSIS] INFO: ログファイル: C:\ShiftAnalysis\shortage_analysis.log
2025-08-08 19:14:46 [ANALYSIS] INFO: ============================================================
2025-08-08 23:02:46 [ANALYSIS] INFO: ============================================================
2025-08-08 23:02:46 [ANALYSIS] INFO: 不足分析ログ（分析段階）開始
2025-08-08 23:02:46 [ANALYSIS] INFO: ログファイル: C:\ShiftAnalysis\shortage_analysis.log
2025-08-08 23:02:46 [ANALYSIS] INFO: ============================================================
2025-08-08 23:03:56 [ANALYSIS] INFO: ============================================================
2025-08-08 23:03:56 [ANALYSIS] INFO: 不足分析ログ（分析段階）開始
2025-08-08 23:03:56 [ANALYSIS] INFO: ログファイル: C:\ShiftAnalysis\shortage_analysis.log
2025-08-08 23:03:56 [ANALYSIS] INFO: ============================================================
2025-08-08 23:05:35 [ANALYSIS] INFO: ============================================================
2025-08-08 23:05:35 [ANALYSIS] INFO: 不足分析ログ（分析段階）開始
2025-08-08 23:05:35 [ANALYSIS] INFO: ログファイル: C:\ShiftAnalysis\shortage_analysis.log
2025-08-08 23:05:35 [ANALYSIS] INFO: ============================================================
2025-08-08 23:07:57 [ANALYSIS] INFO: ============================================================
2025-08-08 23:07:57 [ANALYSIS] INFO: 不足分析ログ（分析段階）開始
2025-08-08 23:07:57 [ANALYSIS] INFO: ログファイル: C:\ShiftAnalysis\shortage_analysis.log
2025-08-08 23:07:57 [ANALYSIS] INFO: ============================================================
2025-08-09 14:05:57 [ANALYSIS] INFO: ============================================================
2025-08-09 14:05:57 [ANALYSIS] INFO: 不足分析ログ（分析段階）開始
2025-08-09 14:05:57 [ANALYSIS] INFO: ログファイル: C:\ShiftAnalysis\shortage_analysis.log
2025-08-09 14:05:57 [ANALYSIS] INFO: ============================================================
2025-08-09 14:06:38 [ANALYSIS] INFO: ============================================================
2025-08-09 14:06:38 [ANALYSIS] INFO: 不足分析ログ（分析段階）開始
2025-08-09 14:06:38 [ANALYSIS] INFO: ログファイル: C:\ShiftAnalysis\shortage_analysis.log
2025-08-09 14:06:38 [ANALYSIS] INFO: ============================================================
2025-08-09 14:07:40 [ANALYSIS] INFO: ============================================================
2025-08-09 14:07:40 [ANALYSIS] INFO: 不足分析ログ（分析段階）開始
2025-08-09 14:07:40 [ANALYSIS] INFO: ログファイル: C:\ShiftAnalysis\shortage_analysis.log
2025-08-09 14:07:40 [ANALYSIS] INFO: ============================================================
2025-08-09 14:08:55 [ANALYSIS] INFO: ============================================================
2025-08-09 14:08:55 [ANALYSIS] INFO: 不足分析ログ（分析段階）開始
2025-08-09 14:08:55 [ANALYSIS] INFO: ログファイル: C:\ShiftAnalysis\shortage_analysis.log
2025-08-09 14:08:55 [ANALYSIS] INFO: ============================================================
2025-08-09 14:21:50 [ANALYSIS] INFO: ============================================================
2025-08-09 14:21:50 [ANALYSIS] INFO: 不足分析ログ（分析段階）開始
2025-08-09 14:21:50 [ANALYSIS] INFO: ログファイル: C:\ShiftAnalysis\shortage_analysis.log
2025-08-09 14:21:50 [ANALYSIS] INFO: ============================================================
2025-08-09 14:22:15 [ANALYSIS] INFO: ============================================================
2025-08-09 14:22:15 [ANALYSIS] INFO: 不足分析ログ（分析段階）開始
2025-08-09 14:22:15 [ANALYSIS] INFO: ログファイル: C:\ShiftAnalysis\shortage_analysis.log
2025-08-09 14:22:15 [ANALYSIS] INFO: ============================================================
2025-08-09 18:21:16 [ANALYSIS] INFO: ============================================================
2025-08-09 18:21:16 [ANALYSIS] INFO: 不足分析ログ（分析段階）開始
2025-08-09 18:21:16 [ANALYSIS] INFO: ログファイル: C:\ShiftAnalysis\shortage_analysis.log
2025-08-09 18:21:16 [ANALYSIS] INFO: ============================================================
2025-08-09 18:22:00 [ANALYSIS] INFO: ============================================================
2025-08-09 18:22:00 [ANALYSIS] INFO: 不足分析ログ（分析段階）開始
2025-08-09 18:22:00 [ANALYSIS] INFO: ログファイル: C:\ShiftAnalysis\shortage_analysis.log
2025-08-09 18:22:00 [ANALYSIS] INFO: ============================================================
2025-08-09 18:25:52 [ANALYSIS] INFO: ============================================================
2025-08-09 18:25:52 [ANALYSIS] INFO: 不足分析ログ（分析段階）開始
2025-08-09 18:25:52 [ANALYSIS] INFO: ログファイル: C:\ShiftAnalysis\shortage_analysis.log
2025-08-09 18:25:52 [ANALYSIS] INFO: ============================================================
2025-08-09 18:38:47 [ANALYSIS] INFO: ============================================================
2025-08-09 18:38:47 [ANALYSIS] INFO: 不足分析ログ（分析段階）開始
2025-08-09 18:38:47 [ANALYSIS] INFO: ログファイル: C:\ShiftAnalysis\shortage_analysis.log
2025-08-09 18:38:47 [ANALYSIS] INFO: ============================================================
2025-08-09 18:39:00 [ANALYSIS] INFO: ============================================================
2025-08-09 18:39:00 [ANALYSIS] INFO: 不足分析ログ（分析段階）開始
2025-08-09 18:39:00 [ANALYSIS] INFO: ログファイル: C:\ShiftAnalysis\shortage_analysis.log
2025-08-09 18:39:00 [ANALYSIS] INFO: ============================================================
2025-08-09 18:39:47 [ANALYSIS] INFO: ============================================================
2025-08-09 18:39:47 [ANALYSIS] INFO: 不足分析ログ（分析段階）開始
2025-08-09 18:39:47 [ANALYSIS] INFO: ログファイル: C:\ShiftAnalysis\shortage_analysis.log
2025-08-09 18:39:47 [ANALYSIS] INFO: ============================================================
2025-08-09 18:40:32 [ANALYSIS] INFO: ============================================================
2025-08-09 18:40:32 [ANALYSIS] INFO: 不足分析ログ（分析段階）開始
2025-08-09 18:40:32 [ANALYSIS] INFO: ログファイル: C:\ShiftAnalysis\shortage_analysis.log
2025-08-09 18:40:32 [ANALYSIS] INFO: ============================================================
2025-08-09 18:42:24 [ANALYSIS] INFO: ============================================================
2025-08-09 18:42:24 [ANALYSIS] INFO: 不足分析ログ（分析段階）開始
2025-08-09 18:42:24 [ANALYSIS] INFO: ログファイル: C:\ShiftAnalysis\shortage_analysis.log
2025-08-09 18:42:24 [ANALYSIS] INFO: ============================================================
2025-08-09 18:43:55 [ANALYSIS] INFO: ============================================================
2025-08-09 18:43:55 [ANALYSIS] INFO: 不足分析ログ（分析段階）開始
2025-08-09 18:43:55 [ANALYSIS] INFO: ログファイル: C:\ShiftAnalysis\shortage_analysis.log
2025-08-09 18:43:55 [ANALYSIS] INFO: ============================================================
2025-08-09 19:00:43 [ANALYSIS] INFO: ============================================================
2025-08-09 19:00:43 [ANALYSIS] INFO: 不足分析ログ（分析段階）開始
2025-08-09 19:00:43 [ANALYSIS] INFO: ログファイル: C:\ShiftAnalysis\shortage_analysis.log
2025-08-09 19:00:43 [ANALYSIS] INFO: ============================================================
2025-08-09 20:29:40 [ANALYSIS] INFO: ============================================================
2025-08-09 20:29:40 [ANALYSIS] INFO: 不足分析ログ（分析段階）開始
2025-08-09 20:29:40 [ANALYSIS] INFO: ログファイル: C:\ShiftAnalysis\shortage_analysis.log
2025-08-09 20:29:40 [ANALYSIS] INFO: ============================================================
2025-08-09 20:48:25 [ANALYSIS] INFO: === PHASE 1: 職種別詳細分析 vs 時間軸ベース分析開始 ===
2025-08-09 20:48:25 [ANALYSIS] INFO: working_data_for_proportional: 5767行
2025-08-09 20:48:25 [ANALYSIS] INFO: total_shortage_baseline: -2505.00時間
2025-08-09 20:48:25 [ANALYSIS] INFO: === 職種別詳細分析（按分廃止）実行 ===
2025-08-09 20:48:25 [ANALYSIS] INFO: [職種別詳細分析結果] {}
2025-08-09 20:48:25 [ANALYSIS] INFO: [比較分析結果] {'method': 'Phase1_POC'}
2025-08-09 20:48:25 [ANALYSIS] INFO: === 時間軸ベース分析（従来手法）実行 ===
2025-08-09 20:48:26 [ANALYSIS] INFO: calculate_time_axis_shortage完了
2025-08-09 20:48:26 [ANALYSIS] INFO: 時間軸ベース分析による職種別不足時間（ベースライン-2505.0h）: {'介護（W/2）': 129.5999999999999}
2025-08-09 20:48:26 [ANALYSIS] INFO: === 職種別不足サマリー保存 ===
2025-08-09 20:48:26 [ANALYSIS] INFO: role_summary_df: 12行
2025-08-09 20:48:26 [ANALYSIS] INFO: columns: ['role', 'need_h', 'staff_h', 'lack_h', 'excess_h', 'working_days_considered', 'estimated_excess_cost', 'estimated_lack_cost_if_temporary_staff', 'estimated_lack_penalty_cost']
2025-08-09 20:48:26 [ANALYSIS] INFO: 職種一覧: ['emp_パート', 'emp_正社員', '介護', 'emp_スポット', '介護・相談員', '管理者・相談員', '運転士', '事務・介護', '介護（W_3）', '機能訓練士', '介護（W_2）', '看護師']
2025-08-09 20:48:26 [ANALYSIS] INFO: 不足時間合計: 692.00時間
2025-08-09 20:48:26 [ANALYSIS] INFO:   emp_パート: 250.00時間不足
2025-08-09 20:48:26 [ANALYSIS] INFO:   emp_正社員: 168.00時間不足
2025-08-09 20:48:26 [ANALYSIS] INFO:   介護: 69.00時間不足
2025-08-09 20:48:26 [ANALYSIS] INFO:   emp_スポット: 36.00時間不足
2025-08-09 20:48:26 [ANALYSIS] INFO:   介護・相談員: 36.00時間不足
2025-08-09 20:48:26 [ANALYSIS] INFO:   管理者・相談員: 27.00時間不足
2025-08-09 20:48:26 [ANALYSIS] INFO:   運転士: 27.00時間不足
2025-08-09 20:48:26 [ANALYSIS] INFO:   事務・介護: 26.00時間不足
2025-08-09 20:48:26 [ANALYSIS] INFO:   介護（W_3）: 25.00時間不足
2025-08-09 20:48:26 [ANALYSIS] INFO:   機能訓練士: 18.00時間不足
2025-08-09 20:48:26 [ANALYSIS] INFO:   介護（W_2）: 10.00時間不足
2025-08-09 20:48:26 [ANALYSIS] INFO:   看護師: 0.00時間不足
2025-08-09 20:48:27 [ANALYSIS] INFO: shortage_role_summary.parquet保存完了: C:\Users\fuji1\AppData\Local\Temp\ShiftSuiteWizard_d49dw2bo\out\out_median_based\shortage_role_summary.parquet
2025-08-09 20:48:28 [ANALYSIS] INFO: === 雇用形態別不足サマリー保存 ===
2025-08-09 20:48:28 [ANALYSIS] INFO: emp_summary_df: 3行
2025-08-09 20:48:28 [ANALYSIS] INFO: columns: ['employment', 'need_h', 'staff_h', 'lack_h', 'excess_h', 'working_days_considered', 'estimated_excess_cost', 'estimated_lack_cost_if_temporary_staff', 'estimated_lack_penalty_cost']
2025-08-09 20:48:28 [ANALYSIS] INFO: 雇用形態一覧: ['パート', '正社員', 'スポット']
2025-08-09 20:48:28 [ANALYSIS] INFO: 不足時間合計: 5184.00時間
2025-08-09 20:48:28 [ANALYSIS] INFO:   パート: 2770.00時間不足
2025-08-09 20:48:28 [ANALYSIS] INFO:   正社員: 1993.00時間不足
2025-08-09 20:48:28 [ANALYSIS] INFO:   スポット: 421.00時間不足
2025-08-09 20:48:28 [ANALYSIS] INFO: shortage_employment_summary.parquet保存完了: C:\Users\fuji1\AppData\Local\Temp\ShiftSuiteWizard_d49dw2bo\out\out_median_based\shortage_employment_summary.parquet
2025-08-09 20:48:39 [ANALYSIS] INFO: === PHASE 1: 職種別詳細分析 vs 時間軸ベース分析開始 ===
2025-08-09 20:48:39 [ANALYSIS] INFO: working_data_for_proportional: 5767行
2025-08-09 20:48:39 [ANALYSIS] INFO: total_shortage_baseline: -2505.00時間
2025-08-09 20:48:39 [ANALYSIS] INFO: === 職種別詳細分析（按分廃止）実行 ===
2025-08-09 20:48:39 [ANALYSIS] INFO: [職種別詳細分析結果] {}
2025-08-09 20:48:39 [ANALYSIS] INFO: [比較分析結果] {'method': 'Phase1_POC'}
2025-08-09 20:48:39 [ANALYSIS] INFO: === 時間軸ベース分析（従来手法）実行 ===
2025-08-09 20:48:40 [ANALYSIS] INFO: calculate_time_axis_shortage完了
2025-08-09 20:48:40 [ANALYSIS] INFO: 時間軸ベース分析による職種別不足時間（ベースライン-2505.0h）: {'介護（W/2）': 129.5999999999999}
2025-08-09 20:48:40 [ANALYSIS] INFO: === 職種別不足サマリー保存 ===
2025-08-09 20:48:40 [ANALYSIS] INFO: role_summary_df: 12行
2025-08-09 20:48:40 [ANALYSIS] INFO: columns: ['role', 'need_h', 'staff_h', 'lack_h', 'excess_h', 'working_days_considered', 'estimated_excess_cost', 'estimated_lack_cost_if_temporary_staff', 'estimated_lack_penalty_cost']
2025-08-09 20:48:40 [ANALYSIS] INFO: 職種一覧: ['emp_パート', 'emp_正社員', '介護', 'emp_スポット', '介護・相談員', '管理者・相談員', '運転士', '事務・介護', '介護（W_3）', '機能訓練士', '介護（W_2）', '看護師']
2025-08-09 20:48:40 [ANALYSIS] INFO: 不足時間合計: 676.00時間
2025-08-09 20:48:40 [ANALYSIS] INFO:   emp_パート: 246.00時間不足
2025-08-09 20:48:40 [ANALYSIS] INFO:   emp_正社員: 168.00時間不足
2025-08-09 20:48:40 [ANALYSIS] INFO:   介護: 57.00時間不足
2025-08-09 20:48:40 [ANALYSIS] INFO:   emp_スポット: 36.00時間不足
2025-08-09 20:48:40 [ANALYSIS] INFO:   介護・相談員: 36.00時間不足
2025-08-09 20:48:40 [ANALYSIS] INFO:   管理者・相談員: 27.00時間不足
2025-08-09 20:48:40 [ANALYSIS] INFO:   運転士: 27.00時間不足
2025-08-09 20:48:40 [ANALYSIS] INFO:   事務・介護: 26.00時間不足
2025-08-09 20:48:40 [ANALYSIS] INFO:   介護（W_3）: 25.00時間不足
2025-08-09 20:48:40 [ANALYSIS] INFO:   機能訓練士: 18.00時間不足
2025-08-09 20:48:40 [ANALYSIS] INFO:   介護（W_2）: 10.00時間不足
2025-08-09 20:48:40 [ANALYSIS] INFO:   看護師: 0.00時間不足
2025-08-09 20:48:41 [ANALYSIS] INFO: shortage_role_summary.parquet保存完了: C:\Users\fuji1\AppData\Local\Temp\ShiftSuiteWizard_d49dw2bo\out\out_mean_based\shortage_role_summary.parquet
2025-08-09 20:48:42 [ANALYSIS] INFO: === 雇用形態別不足サマリー保存 ===
2025-08-09 20:48:42 [ANALYSIS] INFO: emp_summary_df: 3行
2025-08-09 20:48:42 [ANALYSIS] INFO: columns: ['employment', 'need_h', 'staff_h', 'lack_h', 'excess_h', 'working_days_considered', 'estimated_excess_cost', 'estimated_lack_cost_if_temporary_staff', 'estimated_lack_penalty_cost']
2025-08-09 20:48:42 [ANALYSIS] INFO: 雇用形態一覧: ['パート', '正社員', 'スポット']
2025-08-09 20:48:42 [ANALYSIS] INFO: 不足時間合計: 5184.00時間
2025-08-09 20:48:42 [ANALYSIS] INFO:   パート: 2770.00時間不足
2025-08-09 20:48:42 [ANALYSIS] INFO:   正社員: 1993.00時間不足
2025-08-09 20:48:42 [ANALYSIS] INFO:   スポット: 421.00時間不足
2025-08-09 20:48:42 [ANALYSIS] INFO: shortage_employment_summary.parquet保存完了: C:\Users\fuji1\AppData\Local\Temp\ShiftSuiteWizard_d49dw2bo\out\out_mean_based\shortage_employment_summary.parquet
2025-08-09 20:48:53 [ANALYSIS] INFO: === PHASE 1: 職種別詳細分析 vs 時間軸ベース分析開始 ===
2025-08-09 20:48:53 [ANALYSIS] INFO: working_data_for_proportional: 5767行
2025-08-09 20:48:53 [ANALYSIS] INFO: total_shortage_baseline: -2505.00時間
2025-08-09 20:48:53 [ANALYSIS] INFO: === 職種別詳細分析（按分廃止）実行 ===
2025-08-09 20:48:53 [ANALYSIS] INFO: [職種別詳細分析結果] {}
2025-08-09 20:48:53 [ANALYSIS] INFO: [比較分析結果] {'method': 'Phase1_POC'}
2025-08-09 20:48:53 [ANALYSIS] INFO: === 時間軸ベース分析（従来手法）実行 ===
2025-08-09 20:48:54 [ANALYSIS] INFO: calculate_time_axis_shortage完了
2025-08-09 20:48:54 [ANALYSIS] INFO: 時間軸ベース分析による職種別不足時間（ベースライン-2505.0h）: {'介護（W/2）': 129.5999999999999}
2025-08-09 20:48:54 [ANALYSIS] INFO: === 職種別不足サマリー保存 ===
2025-08-09 20:48:54 [ANALYSIS] INFO: role_summary_df: 12行
2025-08-09 20:48:54 [ANALYSIS] INFO: columns: ['role', 'need_h', 'staff_h', 'lack_h', 'excess_h', 'working_days_considered', 'estimated_excess_cost', 'estimated_lack_cost_if_temporary_staff', 'estimated_lack_penalty_cost']
2025-08-09 20:48:54 [ANALYSIS] INFO: 職種一覧: ['emp_パート', 'emp_正社員', 'emp_スポット', '介護', '管理者・相談員', '機能訓練士', '介護・相談員', '事務・介護', '介護（W_2）', '介護（W_3）', '運転士', '看護師']
2025-08-09 20:48:54 [ANALYSIS] INFO: 不足時間合計: 528.00時間
2025-08-09 20:48:54 [ANALYSIS] INFO:   emp_パート: 190.00時間不足
2025-08-09 20:48:54 [ANALYSIS] INFO:   emp_正社員: 168.00時間不足
2025-08-09 20:48:54 [ANALYSIS] INFO:   emp_スポット: 36.00時間不足
2025-08-09 20:48:54 [ANALYSIS] INFO:   介護: 34.00時間不足
2025-08-09 20:48:54 [ANALYSIS] INFO:   管理者・相談員: 26.00時間不足
2025-08-09 20:48:54 [ANALYSIS] INFO:   機能訓練士: 18.00時間不足
2025-08-09 20:48:54 [ANALYSIS] INFO:   介護・相談員: 18.00時間不足
2025-08-09 20:48:54 [ANALYSIS] INFO:   事務・介護: 10.00時間不足
2025-08-09 20:48:54 [ANALYSIS] INFO:   介護（W_2）: 10.00時間不足
2025-08-09 20:48:54 [ANALYSIS] INFO:   介護（W_3）: 9.00時間不足
2025-08-09 20:48:54 [ANALYSIS] INFO:   運転士: 9.00時間不足
2025-08-09 20:48:54 [ANALYSIS] INFO:   看護師: 0.00時間不足
2025-08-09 20:48:54 [ANALYSIS] INFO: shortage_role_summary.parquet保存完了: C:\Users\fuji1\AppData\Local\Temp\ShiftSuiteWizard_d49dw2bo\out\out_p25_based\shortage_role_summary.parquet
2025-08-09 20:48:56 [ANALYSIS] INFO: === 雇用形態別不足サマリー保存 ===
2025-08-09 20:48:56 [ANALYSIS] INFO: emp_summary_df: 3行
2025-08-09 20:48:56 [ANALYSIS] INFO: columns: ['employment', 'need_h', 'staff_h', 'lack_h', 'excess_h', 'working_days_considered', 'estimated_excess_cost', 'estimated_lack_cost_if_temporary_staff', 'estimated_lack_penalty_cost']
2025-08-09 20:48:56 [ANALYSIS] INFO: 雇用形態一覧: ['パート', '正社員', 'スポット']
2025-08-09 20:48:56 [ANALYSIS] INFO: 不足時間合計: 5184.00時間
2025-08-09 20:48:56 [ANALYSIS] INFO:   パート: 2770.00時間不足
2025-08-09 20:48:56 [ANALYSIS] INFO:   正社員: 1993.00時間不足
2025-08-09 20:48:56 [ANALYSIS] INFO:   スポット: 421.00時間不足
2025-08-09 20:48:56 [ANALYSIS] INFO: shortage_employment_summary.parquet保存完了: C:\Users\fuji1\AppData\Local\Temp\ShiftSuiteWizard_d49dw2bo\out\out_p25_based\shortage_employment_summary.parquet
2025-08-09 21:44:50 [ANALYSIS] INFO: ============================================================
2025-08-09 21:44:50 [ANALYSIS] INFO: 不足分析ログ（分析段階）開始
2025-08-09 21:44:50 [ANALYSIS] INFO: ログファイル: C:\ShiftAnalysis\shortage_analysis.log
2025-08-09 21:44:50 [ANALYSIS] INFO: ============================================================
2025-08-09 21:54:40 [ANALYSIS] INFO: ============================================================
2025-08-09 21:54:40 [ANALYSIS] INFO: 不足分析ログ（分析段階）開始
2025-08-09 21:54:40 [ANALYSIS] INFO: ログファイル: C:\ShiftAnalysis\shortage_analysis.log
2025-08-09 21:54:40 [ANALYSIS] INFO: ============================================================
2025-08-09 22:02:56 [ANALYSIS] INFO: ============================================================
2025-08-09 22:02:56 [ANALYSIS] INFO: 不足分析ログ（分析段階）開始
2025-08-09 22:02:56 [ANALYSIS] INFO: ログファイル: C:\ShiftAnalysis\shortage_analysis.log
2025-08-09 22:02:56 [ANALYSIS] INFO: ============================================================
2025-08-09 22:03:27 [ANALYSIS] INFO: ============================================================
2025-08-09 22:03:27 [ANALYSIS] INFO: 不足分析ログ（分析段階）開始
2025-08-09 22:03:27 [ANALYSIS] INFO: ログファイル: C:\ShiftAnalysis\shortage_analysis.log
2025-08-09 22:03:27 [ANALYSIS] INFO: ============================================================
2025-08-10 17:42:43 [ANALYSIS] INFO: ============================================================
2025-08-10 17:42:43 [ANALYSIS] INFO: 不足分析ログ（分析段階）開始
2025-08-10 17:42:43 [ANALYSIS] INFO: ログファイル: C:\ShiftAnalysis\shortage_analysis.log
2025-08-10 17:42:43 [ANALYSIS] INFO: ============================================================
2025-08-10 17:43:53 [ANALYSIS] INFO: ============================================================
2025-08-10 17:43:53 [ANALYSIS] INFO: 不足分析ログ（分析段階）開始
2025-08-10 17:43:53 [ANALYSIS] INFO: ログファイル: C:\ShiftAnalysis\shortage_analysis.log
2025-08-10 17:43:53 [ANALYSIS] INFO: ============================================================
2025-08-10 21:52:21 [ANALYSIS] INFO: ============================================================
2025-08-10 21:52:21 [ANALYSIS] INFO: 不足分析ログ（分析段階）開始
2025-08-10 21:52:21 [ANALYSIS] INFO: ログファイル: C:\ShiftAnalysis\shortage_analysis.log
2025-08-10 21:52:21 [ANALYSIS] INFO: ============================================================
2025-08-10 21:54:19 [ANALYSIS] INFO: ============================================================
2025-08-10 21:54:19 [ANALYSIS] INFO: 不足分析ログ（分析段階）開始
2025-08-10 21:54:19 [ANALYSIS] INFO: ログファイル: C:\ShiftAnalysis\shortage_analysis.log
2025-08-10 21:54:19 [ANALYSIS] INFO: ============================================================
2025-08-10 22:03:11 [ANALYSIS] INFO: ============================================================
2025-08-10 22:03:11 [ANALYSIS] INFO: 不足分析ログ（分析段階）開始
2025-08-10 22:03:11 [ANALYSIS] INFO: ログファイル: C:\ShiftAnalysis\shortage_analysis.log
2025-08-10 22:03:11 [ANALYSIS] INFO: ============================================================
2025-08-10 22:11:07 [ANALYSIS] INFO: ============================================================
2025-08-10 22:11:07 [ANALYSIS] INFO: 不足分析ログ（分析段階）開始
2025-08-10 22:11:07 [ANALYSIS] INFO: ログファイル: C:\ShiftAnalysis\shortage_analysis.log
2025-08-10 22:11:07 [ANALYSIS] INFO: ============================================================
2025-08-10 22:32:42 [ANALYSIS] INFO: ============================================================
2025-08-10 22:32:42 [ANALYSIS] INFO: 不足分析ログ（分析段階）開始
2025-08-10 22:32:42 [ANALYSIS] INFO: ログファイル: C:\ShiftAnalysis\shortage_analysis.log
2025-08-10 22:32:42 [ANALYSIS] INFO: ============================================================
2025-08-11 10:27:26 [ANALYSIS] INFO: ============================================================
2025-08-11 10:27:26 [ANALYSIS] INFO: 不足分析ログ（分析段階）開始
2025-08-11 10:27:26 [ANALYSIS] INFO: ログファイル: C:\ShiftAnalysis\shortage_analysis.log
2025-08-11 10:27:26 [ANALYSIS] INFO: ============================================================
2025-08-11 10:28:33 [ANALYSIS] INFO: ============================================================
2025-08-11 10:28:33 [ANALYSIS] INFO: 不足分析ログ（分析段階）開始
2025-08-11 10:28:33 [ANALYSIS] INFO: ログファイル: C:\ShiftAnalysis\shortage_analysis.log
2025-08-11 10:28:33 [ANALYSIS] INFO: ============================================================
2025-08-11 10:32:28 [ANALYSIS] INFO: ============================================================
2025-08-11 10:32:28 [ANALYSIS] INFO: 不足分析ログ（分析段階）開始
2025-08-11 10:32:28 [ANALYSIS] INFO: ログファイル: C:\ShiftAnalysis\shortage_analysis.log
2025-08-11 10:32:28 [ANALYSIS] INFO: ============================================================
2025-08-11 10:34:30 [ANALYSIS] INFO: ============================================================
2025-08-11 10:34:30 [ANALYSIS] INFO: 不足分析ログ（分析段階）開始
2025-08-11 10:34:30 [ANALYSIS] INFO: ログファイル: C:\ShiftAnalysis\shortage_analysis.log
2025-08-11 10:34:30 [ANALYSIS] INFO: ============================================================
2025-08-11 10:34:32 [ANALYSIS] INFO: === PHASE 1: 職種別詳細分析 vs 時間軸ベース分析開始 ===
2025-08-11 10:34:32 [ANALYSIS] INFO: working_data_for_proportional: 5767行
2025-08-11 10:34:32 [ANALYSIS] INFO: total_shortage_baseline: -2505.00時間
2025-08-11 10:34:32 [ANALYSIS] INFO: === 職種別詳細分析（按分廃止）実行 ===
2025-08-11 10:34:32 [ANALYSIS] INFO: [職種別詳細分析結果] {}
2025-08-11 10:34:32 [ANALYSIS] INFO: [比較分析結果] {'method': 'Phase1_POC'}
2025-08-11 10:34:32 [ANALYSIS] INFO: === 時間軸ベース分析（従来手法）実行 ===
2025-08-11 10:34:33 [ANALYSIS] INFO: calculate_time_axis_shortage完了
2025-08-11 10:34:33 [ANALYSIS] INFO: 時間軸ベース分析による職種別不足時間（ベースライン-2505.0h）: {'介護（W/3）': 180.0, '介護': 1562.860824742269, '運転士': 1584.0, '管理者・相談員': 378.0, '看護師': 702.0, '機能訓練士': 486.0, '介護・相談員': 360.0, '事務・介護': 378.0, '介護（W/2）': 144.0}
2025-08-11 10:34:33 [ANALYSIS] INFO: === 職種別不足サマリー保存 ===
2025-08-11 10:34:33 [ANALYSIS] INFO: role_summary_df: 12行
2025-08-11 10:34:33 [ANALYSIS] INFO: columns: ['role', 'need_h', 'staff_h', 'lack_h', 'excess_h', 'working_days_considered', 'estimated_excess_cost', 'estimated_lack_cost_if_temporary_staff', 'estimated_lack_penalty_cost']
2025-08-11 10:34:33 [ANALYSIS] INFO: 職種一覧: ['運転士', '介護', '看護師', '機能訓練士', '管理者・相談員', '事務・介護', '介護・相談員', 'emp_パート', 'emp_正社員', 'emp_スポット', '介護（W_2）', '介護（W_3）']
2025-08-11 10:34:33 [ANALYSIS] INFO: 不足時間合計: 5864.00時間
2025-08-11 10:34:33 [ANALYSIS] INFO:   運転士: 1584.00時間不足
2025-08-11 10:34:33 [ANALYSIS] INFO:   介護: 1563.00時間不足
2025-08-11 10:34:33 [ANALYSIS] INFO:   看護師: 702.00時間不足
2025-08-11 10:34:33 [ANALYSIS] INFO:   機能訓練士: 486.00時間不足
2025-08-11 10:34:33 [ANALYSIS] INFO:   管理者・相談員: 378.00時間不足
2025-08-11 10:34:33 [ANALYSIS] INFO:   事務・介護: 378.00時間不足
2025-08-11 10:34:33 [ANALYSIS] INFO:   介護・相談員: 360.00時間不足
2025-08-11 10:34:33 [ANALYSIS] INFO:   emp_パート: 190.00時間不足
2025-08-11 10:34:33 [ANALYSIS] INFO:   emp_正社員: 168.00時間不足
2025-08-11 10:34:33 [ANALYSIS] INFO:   emp_スポット: 36.00時間不足
2025-08-11 10:34:33 [ANALYSIS] INFO:   介護（W_2）: 10.00時間不足
2025-08-11 10:34:33 [ANALYSIS] INFO:   介護（W_3）: 9.00時間不足
2025-08-11 10:34:33 [ANALYSIS] INFO: shortage_role_summary.parquet保存完了: extracted_results\out_p25_based\shortage_role_summary.parquet
2025-08-11 10:34:34 [ANALYSIS] INFO: === 雇用形態別不足サマリー保存 ===
2025-08-11 10:34:34 [ANALYSIS] INFO: emp_summary_df: 3行
2025-08-11 10:34:34 [ANALYSIS] INFO: columns: ['employment', 'need_h', 'staff_h', 'lack_h', 'excess_h', 'working_days_considered', 'estimated_excess_cost', 'estimated_lack_cost_if_temporary_staff', 'estimated_lack_penalty_cost']
2025-08-11 10:34:34 [ANALYSIS] INFO: 雇用形態一覧: ['パート', '正社員', 'スポット']
2025-08-11 10:34:34 [ANALYSIS] INFO: 不足時間合計: 5775.00時間
2025-08-11 10:34:34 [ANALYSIS] INFO:   パート: 3078.00時間不足
2025-08-11 10:34:34 [ANALYSIS] INFO:   正社員: 2229.00時間不足
2025-08-11 10:34:34 [ANALYSIS] INFO:   スポット: 468.00時間不足
2025-08-11 10:34:34 [ANALYSIS] INFO: shortage_employment_summary.parquet保存完了: extracted_results\out_p25_based\shortage_employment_summary.parquet
2025-08-11 10:34:36 [ANALYSIS] INFO: === PHASE 1: 職種別詳細分析 vs 時間軸ベース分析開始 ===
2025-08-11 10:34:36 [ANALYSIS] INFO: working_data_for_proportional: 5767行
2025-08-11 10:34:36 [ANALYSIS] INFO: total_shortage_baseline: -2505.00時間
2025-08-11 10:34:36 [ANALYSIS] INFO: === 職種別詳細分析（按分廃止）実行 ===
2025-08-11 10:34:36 [ANALYSIS] INFO: [職種別詳細分析結果] {}
2025-08-11 10:34:36 [ANALYSIS] INFO: [比較分析結果] {'method': 'Phase1_POC'}
2025-08-11 10:34:36 [ANALYSIS] INFO: === 時間軸ベース分析（従来手法）実行 ===
2025-08-11 10:34:37 [ANALYSIS] INFO: calculate_time_axis_shortage完了
2025-08-11 10:34:37 [ANALYSIS] INFO: 時間軸ベース分析による職種別不足時間（ベースライン-2505.0h）: {'介護（W/3）': 180.0, '介護': 1562.860824742269, '運転士': 1584.0, '看護師': 702.0, '管理者・相談員': 378.0, '機能訓練士': 486.0, '介護・相談員': 360.0, '事務・介護': 378.0, '介護（W/2）': 144.0}
2025-08-11 10:34:37 [ANALYSIS] INFO: === 職種別不足サマリー保存 ===
2025-08-11 10:34:37 [ANALYSIS] INFO: role_summary_df: 12行
2025-08-11 10:34:37 [ANALYSIS] INFO: columns: ['role', 'need_h', 'staff_h', 'lack_h', 'excess_h', 'working_days_considered', 'estimated_excess_cost', 'estimated_lack_cost_if_temporary_staff', 'estimated_lack_penalty_cost']
2025-08-11 10:34:37 [ANALYSIS] INFO: 職種一覧: ['運転士', '介護', '看護師', '機能訓練士', '管理者・相談員', '事務・介護', '介護・相談員', 'emp_パート', 'emp_正社員', 'emp_スポット', '介護（W_3）', '介護（W_2）']
2025-08-11 10:34:37 [ANALYSIS] INFO: 不足時間合計: 5936.00時間
2025-08-11 10:34:37 [ANALYSIS] INFO:   運転士: 1584.00時間不足
2025-08-11 10:34:37 [ANALYSIS] INFO:   介護: 1563.00時間不足
2025-08-11 10:34:37 [ANALYSIS] INFO:   看護師: 702.00時間不足
2025-08-11 10:34:37 [ANALYSIS] INFO:   機能訓練士: 486.00時間不足
2025-08-11 10:34:37 [ANALYSIS] INFO:   管理者・相談員: 378.00時間不足
2025-08-11 10:34:37 [ANALYSIS] INFO:   事務・介護: 378.00時間不足
2025-08-11 10:34:37 [ANALYSIS] INFO:   介護・相談員: 360.00時間不足
2025-08-11 10:34:37 [ANALYSIS] INFO:   emp_パート: 246.00時間不足
2025-08-11 10:34:37 [ANALYSIS] INFO:   emp_正社員: 168.00時間不足
2025-08-11 10:34:37 [ANALYSIS] INFO:   emp_スポット: 36.00時間不足
2025-08-11 10:34:37 [ANALYSIS] INFO:   介護（W_3）: 25.00時間不足
2025-08-11 10:34:37 [ANALYSIS] INFO:   介護（W_2）: 10.00時間不足
2025-08-11 10:34:37 [ANALYSIS] INFO: shortage_role_summary.parquet保存完了: extracted_results\out_mean_based\shortage_role_summary.parquet
2025-08-11 10:34:39 [ANALYSIS] INFO: === 雇用形態別不足サマリー保存 ===
2025-08-11 10:34:39 [ANALYSIS] INFO: emp_summary_df: 3行
2025-08-11 10:34:39 [ANALYSIS] INFO: columns: ['employment', 'need_h', 'staff_h', 'lack_h', 'excess_h', 'working_days_considered', 'estimated_excess_cost', 'estimated_lack_cost_if_temporary_staff', 'estimated_lack_penalty_cost']
2025-08-11 10:34:39 [ANALYSIS] INFO: 雇用形態一覧: ['パート', '正社員', 'スポット']
2025-08-11 10:34:39 [ANALYSIS] INFO: 不足時間合計: 5775.00時間
2025-08-11 10:34:39 [ANALYSIS] INFO:   パート: 3078.00時間不足
2025-08-11 10:34:39 [ANALYSIS] INFO:   正社員: 2229.00時間不足
2025-08-11 10:34:39 [ANALYSIS] INFO:   スポット: 468.00時間不足
2025-08-11 10:34:39 [ANALYSIS] INFO: shortage_employment_summary.parquet保存完了: extracted_results\out_mean_based\shortage_employment_summary.parquet
2025-08-11 10:34:41 [ANALYSIS] INFO: === PHASE 1: 職種別詳細分析 vs 時間軸ベース分析開始 ===
2025-08-11 10:34:41 [ANALYSIS] INFO: working_data_for_proportional: 5767行
2025-08-11 10:34:41 [ANALYSIS] INFO: total_shortage_baseline: -2505.00時間
2025-08-11 10:34:41 [ANALYSIS] INFO: === 職種別詳細分析（按分廃止）実行 ===
2025-08-11 10:34:41 [ANALYSIS] INFO: [職種別詳細分析結果] {}
2025-08-11 10:34:41 [ANALYSIS] INFO: [比較分析結果] {'method': 'Phase1_POC'}
2025-08-11 10:34:41 [ANALYSIS] INFO: === 時間軸ベース分析（従来手法）実行 ===
2025-08-11 10:34:42 [ANALYSIS] INFO: calculate_time_axis_shortage完了
2025-08-11 10:34:42 [ANALYSIS] INFO: 時間軸ベース分析による職種別不足時間（ベースライン-2505.0h）: {'介護（W/3）': 180.0, '介護': 1562.860824742269, '運転士': 1584.0, '看護師': 702.0, '管理者・相談員': 378.0, '機能訓練士': 486.0, '介護・相談員': 360.0, '事務・介護': 378.0, '介護（W/2）': 144.0}
2025-08-11 10:34:42 [ANALYSIS] INFO: === 職種別不足サマリー保存 ===
2025-08-11 10:34:42 [ANALYSIS] INFO: role_summary_df: 12行
2025-08-11 10:34:42 [ANALYSIS] INFO: columns: ['role', 'need_h', 'staff_h', 'lack_h', 'excess_h', 'working_days_considered', 'estimated_excess_cost', 'estimated_lack_cost_if_temporary_staff', 'estimated_lack_penalty_cost']
2025-08-11 10:34:42 [ANALYSIS] INFO: 職種一覧: ['運転士', '介護', '看護師', '機能訓練士', '管理者・相談員', '事務・介護', '介護・相談員', 'emp_パート', 'emp_正社員', 'emp_スポット', '介護（W_3）', '介護（W_2）']
2025-08-11 10:34:42 [ANALYSIS] INFO: 不足時間合計: 5940.00時間
2025-08-11 10:34:42 [ANALYSIS] INFO:   運転士: 1584.00時間不足
2025-08-11 10:34:42 [ANALYSIS] INFO:   介護: 1563.00時間不足
2025-08-11 10:34:42 [ANALYSIS] INFO:   看護師: 702.00時間不足
2025-08-11 10:34:42 [ANALYSIS] INFO:   機能訓練士: 486.00時間不足
2025-08-11 10:34:42 [ANALYSIS] INFO:   管理者・相談員: 378.00時間不足
2025-08-11 10:34:42 [ANALYSIS] INFO:   事務・介護: 378.00時間不足
2025-08-11 10:34:42 [ANALYSIS] INFO:   介護・相談員: 360.00時間不足
2025-08-11 10:34:42 [ANALYSIS] INFO:   emp_パート: 250.00時間不足
2025-08-11 10:34:42 [ANALYSIS] INFO:   emp_正社員: 168.00時間不足
2025-08-11 10:34:42 [ANALYSIS] INFO:   emp_スポット: 36.00時間不足
2025-08-11 10:34:42 [ANALYSIS] INFO:   介護（W_3）: 25.00時間不足
2025-08-11 10:34:42 [ANALYSIS] INFO:   介護（W_2）: 10.00時間不足
2025-08-11 10:34:42 [ANALYSIS] INFO: shortage_role_summary.parquet保存完了: extracted_results\out_median_based\shortage_role_summary.parquet
2025-08-11 10:34:43 [ANALYSIS] INFO: === 雇用形態別不足サマリー保存 ===
2025-08-11 10:34:43 [ANALYSIS] INFO: emp_summary_df: 3行
2025-08-11 10:34:43 [ANALYSIS] INFO: columns: ['employment', 'need_h', 'staff_h', 'lack_h', 'excess_h', 'working_days_considered', 'estimated_excess_cost', 'estimated_lack_cost_if_temporary_staff', 'estimated_lack_penalty_cost']
2025-08-11 10:34:43 [ANALYSIS] INFO: 雇用形態一覧: ['パート', '正社員', 'スポット']
2025-08-11 10:34:43 [ANALYSIS] INFO: 不足時間合計: 5775.00時間
2025-08-11 10:34:43 [ANALYSIS] INFO:   パート: 3078.00時間不足
2025-08-11 10:34:43 [ANALYSIS] INFO:   正社員: 2229.00時間不足
2025-08-11 10:34:43 [ANALYSIS] INFO:   スポット: 468.00時間不足
2025-08-11 10:34:43 [ANALYSIS] INFO: shortage_employment_summary.parquet保存完了: extracted_results\out_median_based\shortage_employment_summary.parquet
2025-08-11 10:42:38 [ANALYSIS] INFO: ============================================================
2025-08-11 10:42:38 [ANALYSIS] INFO: 不足分析ログ（分析段階）開始
2025-08-11 10:42:38 [ANALYSIS] INFO: ログファイル: C:\ShiftAnalysis\shortage_analysis.log
2025-08-11 10:42:38 [ANALYSIS] INFO: ============================================================
2025-08-11 11:03:28 [ANALYSIS] INFO: ============================================================
2025-08-11 11:03:28 [ANALYSIS] INFO: 不足分析ログ（分析段階）開始
2025-08-11 11:03:28 [ANALYSIS] INFO: ログファイル: C:\ShiftAnalysis\shortage_analysis.log
2025-08-11 11:03:28 [ANALYSIS] INFO: ============================================================
2025-08-11 14:28:13 [ANALYSIS] INFO: ============================================================
2025-08-11 14:28:13 [ANALYSIS] INFO: 不足分析ログ（分析段階）開始
2025-08-11 14:28:13 [ANALYSIS] INFO: ログファイル: C:\ShiftAnalysis\shortage_analysis.log
2025-08-11 14:28:13 [ANALYSIS] INFO: ============================================================
2025-08-11 14:28:38 [ANALYSIS] INFO: ============================================================
2025-08-11 14:28:38 [ANALYSIS] INFO: 不足分析ログ（分析段階）開始
2025-08-11 14:28:38 [ANALYSIS] INFO: ログファイル: C:\ShiftAnalysis\shortage_analysis.log
2025-08-11 14:28:38 [ANALYSIS] INFO: ============================================================
2025-08-12 09:31:15 [ANALYSIS] INFO: ============================================================
2025-08-12 09:31:15 [ANALYSIS] INFO: 不足分析ログ（分析段階）開始
2025-08-12 09:31:15 [ANALYSIS] INFO: ログファイル: C:\ShiftAnalysis\shortage_analysis.log
2025-08-12 09:31:15 [ANALYSIS] INFO: ============================================================
2025-08-12 09:34:17 [ANALYSIS] INFO: ============================================================
2025-08-12 09:34:17 [ANALYSIS] INFO: 不足分析ログ（分析段階）開始
2025-08-12 09:34:17 [ANALYSIS] INFO: ログファイル: C:\ShiftAnalysis\shortage_analysis.log
2025-08-12 09:34:17 [ANALYSIS] INFO: ============================================================
2025-08-12 09:34:48 [ANALYSIS] INFO: ============================================================
2025-08-12 09:34:48 [ANALYSIS] INFO: 不足分析ログ（分析段階）開始
2025-08-12 09:34:48 [ANALYSIS] INFO: ログファイル: C:\ShiftAnalysis\shortage_analysis.log
2025-08-12 09:34:48 [ANALYSIS] INFO: ============================================================
2025-08-12 09:35:19 [ANALYSIS] INFO: ============================================================
2025-08-12 09:35:19 [ANALYSIS] INFO: 不足分析ログ（分析段階）開始
2025-08-12 09:35:19 [ANALYSIS] INFO: ログファイル: C:\ShiftAnalysis\shortage_analysis.log
2025-08-12 09:35:19 [ANALYSIS] INFO: ============================================================
2025-08-12 09:39:20 [ANALYSIS] INFO: ============================================================
2025-08-12 09:39:20 [ANALYSIS] INFO: 不足分析ログ（分析段階）開始
2025-08-12 09:39:20 [ANALYSIS] INFO: ログファイル: C:\ShiftAnalysis\shortage_analysis.log
2025-08-12 09:39:20 [ANALYSIS] INFO: ============================================================
2025-08-12 09:45:19 [ANALYSIS] INFO: ============================================================
2025-08-12 09:45:19 [ANALYSIS] INFO: 不足分析ログ（分析段階）開始
2025-08-12 09:45:19 [ANALYSIS] INFO: ログファイル: C:\ShiftAnalysis\shortage_analysis.log
2025-08-12 09:45:19 [ANALYSIS] INFO: ============================================================
2025-08-12 09:46:10 [ANALYSIS] INFO: ============================================================
2025-08-12 09:46:10 [ANALYSIS] INFO: 不足分析ログ（分析段階）開始
2025-08-12 09:46:10 [ANALYSIS] INFO: ログファイル: C:\ShiftAnalysis\shortage_analysis.log
2025-08-12 09:46:10 [ANALYSIS] INFO: ============================================================
2025-08-12 23:06:14 [ANALYSIS] INFO: ============================================================
2025-08-12 23:06:14 [ANALYSIS] INFO: 不足分析ログ（分析段階）開始
2025-08-12 23:06:14 [ANALYSIS] INFO: ログファイル: C:\ShiftAnalysis\shortage_analysis.log
2025-08-12 23:06:14 [ANALYSIS] INFO: ============================================================
2025-08-12 23:07:08 [ANALYSIS] INFO: ============================================================
2025-08-12 23:07:08 [ANALYSIS] INFO: 不足分析ログ（分析段階）開始
2025-08-12 23:07:08 [ANALYSIS] INFO: ログファイル: C:\ShiftAnalysis\shortage_analysis.log
2025-08-12 23:07:08 [ANALYSIS] INFO: ============================================================
2025-08-12 23:21:21 [ANALYSIS] INFO: ============================================================
2025-08-12 23:21:21 [ANALYSIS] INFO: 不足分析ログ（分析段階）開始
2025-08-12 23:21:21 [ANALYSIS] INFO: ログファイル: C:\ShiftAnalysis\shortage_analysis.log
2025-08-12 23:21:21 [ANALYSIS] INFO: ============================================================
2025-08-12 23:42:36 [ANALYSIS] INFO: ============================================================
2025-08-12 23:42:36 [ANALYSIS] INFO: 不足分析ログ（分析段階）開始
2025-08-12 23:42:36 [ANALYSIS] INFO: ログファイル: C:\ShiftAnalysis\shortage_analysis.log
2025-08-12 23:42:36 [ANALYSIS] INFO: ============================================================
2025-08-14 17:49:23 [ANALYSIS] INFO: ============================================================
2025-08-14 17:49:23 [ANALYSIS] INFO: 不足分析ログ（分析段階）開始
2025-08-14 17:49:23 [ANALYSIS] INFO: ログファイル: C:\ShiftAnalysis\shortage_analysis.log
2025-08-14 17:49:23 [ANALYSIS] INFO: ============================================================
2025-08-14 17:50:25 [ANALYSIS] INFO: ============================================================
2025-08-14 17:50:25 [ANALYSIS] INFO: 不足分析ログ（分析段階）開始
2025-08-14 17:50:25 [ANALYSIS] INFO: ログファイル: C:\ShiftAnalysis\shortage_analysis.log
2025-08-14 17:50:25 [ANALYSIS] INFO: ============================================================
2025-08-14 18:01:05 [ANALYSIS] INFO: ============================================================
2025-08-14 18:01:05 [ANALYSIS] INFO: 不足分析ログ（分析段階）開始
2025-08-14 18:01:05 [ANALYSIS] INFO: ログファイル: C:\ShiftAnalysis\shortage_analysis.log
2025-08-14 18:01:05 [ANALYSIS] INFO: ============================================================
2025-08-14 18:03:51 [ANALYSIS] INFO: ============================================================
2025-08-14 18:03:51 [ANALYSIS] INFO: 不足分析ログ（分析段階）開始
2025-08-14 18:03:51 [ANALYSIS] INFO: ログファイル: C:\ShiftAnalysis\shortage_analysis.log
2025-08-14 18:03:51 [ANALYSIS] INFO: ============================================================
2025-08-14 18:04:44 [ANALYSIS] INFO: ============================================================
2025-08-14 18:04:44 [ANALYSIS] INFO: 不足分析ログ（分析段階）開始
2025-08-14 18:04:44 [ANALYSIS] INFO: ログファイル: C:\ShiftAnalysis\shortage_analysis.log
2025-08-14 18:04:44 [ANALYSIS] INFO: ============================================================
2025-08-14 18:09:28 [ANALYSIS] INFO: ============================================================
2025-08-14 18:09:28 [ANALYSIS] INFO: 不足分析ログ（分析段階）開始
2025-08-14 18:09:28 [ANALYSIS] INFO: ログファイル: C:\ShiftAnalysis\shortage_analysis.log
2025-08-14 18:09:28 [ANALYSIS] INFO: ============================================================
2025-08-14 18:11:27 [ANALYSIS] INFO: ============================================================
2025-08-14 18:11:27 [ANALYSIS] INFO: 不足分析ログ（分析段階）開始
2025-08-14 18:11:27 [ANALYSIS] INFO: ログファイル: C:\ShiftAnalysis\shortage_analysis.log
2025-08-14 18:11:27 [ANALYSIS] INFO: ============================================================
2025-08-14 18:24:40 [ANALYSIS] INFO: ============================================================
2025-08-14 18:24:40 [ANALYSIS] INFO: 不足分析ログ（分析段階）開始
2025-08-14 18:24:40 [ANALYSIS] INFO: ログファイル: C:\ShiftAnalysis\shortage_analysis.log
2025-08-14 18:24:40 [ANALYSIS] INFO: ============================================================
2025-08-15 00:27:56 [ANALYSIS] INFO: ============================================================
2025-08-15 00:27:56 [ANALYSIS] INFO: 不足分析ログ（分析段階）開始
2025-08-15 00:27:56 [ANALYSIS] INFO: ログファイル: C:\ShiftAnalysis\shortage_analysis.log
2025-08-15 00:27:56 [ANALYSIS] INFO: ============================================================
2025-08-15 00:28:19 [ANALYSIS] INFO: ============================================================
2025-08-15 00:28:19 [ANALYSIS] INFO: 不足分析ログ（分析段階）開始
2025-08-15 00:28:19 [ANALYSIS] INFO: ログファイル: C:\ShiftAnalysis\shortage_analysis.log
2025-08-15 00:28:19 [ANALYSIS] INFO: ============================================================
2025-08-15 00:29:17 [ANALYSIS] INFO: ============================================================
2025-08-15 00:29:17 [ANALYSIS] INFO: 不足分析ログ（分析段階）開始
2025-08-15 00:29:17 [ANALYSIS] INFO: ログファイル: C:\ShiftAnalysis\shortage_analysis.log
2025-08-15 00:29:17 [ANALYSIS] INFO: ============================================================
2025-08-15 01:05:34 [ANALYSIS] INFO: ============================================================
2025-08-15 01:05:34 [ANALYSIS] INFO: 不足分析ログ（分析段階）開始
2025-08-15 01:05:34 [ANALYSIS] INFO: ログファイル: C:\ShiftAnalysis\shortage_analysis.log
2025-08-15 01:05:34 [ANALYSIS] INFO: ============================================================
2025-08-15 01:06:26 [ANALYSIS] INFO: ============================================================
2025-08-15 01:06:26 [ANALYSIS] INFO: 不足分析ログ（分析段階）開始
2025-08-15 01:06:26 [ANALYSIS] INFO: ログファイル: C:\ShiftAnalysis\shortage_analysis.log
2025-08-15 01:06:26 [ANALYSIS] INFO: ============================================================
2025-08-15 01:07:14 [ANALYSIS] INFO: ============================================================
2025-08-15 01:07:14 [ANALYSIS] INFO: 不足分析ログ（分析段階）開始
2025-08-15 01:07:14 [ANALYSIS] INFO: ログファイル: C:\ShiftAnalysis\shortage_analysis.log
2025-08-15 01:07:14 [ANALYSIS] INFO: ============================================================
2025-08-15 01:08:44 [ANALYSIS] INFO: ============================================================
2025-08-15 01:08:44 [ANALYSIS] INFO: 不足分析ログ（分析段階）開始
2025-08-15 01:08:44 [ANALYSIS] INFO: ログファイル: C:\ShiftAnalysis\shortage_analysis.log
2025-08-15 01:08:44 [ANALYSIS] INFO: ============================================================
2025-08-15 01:10:04 [ANALYSIS] INFO: ============================================================
2025-08-15 01:10:04 [ANALYSIS] INFO: 不足分析ログ（分析段階）開始
2025-08-15 01:10:04 [ANALYSIS] INFO: ログファイル: C:\ShiftAnalysis\shortage_analysis.log
2025-08-15 01:10:04 [ANALYSIS] INFO: ============================================================
2025-08-15 01:12:44 [ANALYSIS] INFO: ============================================================
2025-08-15 01:12:44 [ANALYSIS] INFO: 不足分析ログ（分析段階）開始
2025-08-15 01:12:44 [ANALYSIS] INFO: ログファイル: C:\ShiftAnalysis\shortage_analysis.log
2025-08-15 01:12:44 [ANALYSIS] INFO: ============================================================
2025-08-15 01:34:55 [ANALYSIS] INFO: ============================================================
2025-08-15 01:34:55 [ANALYSIS] INFO: 不足分析ログ（分析段階）開始
2025-08-15 01:34:55 [ANALYSIS] INFO: ログファイル: C:\ShiftAnalysis\shortage_analysis.log
2025-08-15 01:34:55 [ANALYSIS] INFO: ============================================================
2025-08-15 01:36:19 [ANALYSIS] INFO: ============================================================
2025-08-15 01:36:19 [ANALYSIS] INFO: 不足分析ログ（分析段階）開始
2025-08-15 01:36:19 [ANALYSIS] INFO: ログファイル: C:\ShiftAnalysis\shortage_analysis.log
2025-08-15 01:36:19 [ANALYSIS] INFO: ============================================================
2025-08-15 01:37:47 [ANALYSIS] INFO: ============================================================
2025-08-15 01:37:47 [ANALYSIS] INFO: 不足分析ログ（分析段階）開始
2025-08-15 01:37:47 [ANALYSIS] INFO: ログファイル: C:\ShiftAnalysis\shortage_analysis.log
2025-08-15 01:37:47 [ANALYSIS] INFO: ============================================================
2025-08-15 01:39:19 [ANALYSIS] INFO: ============================================================
2025-08-15 01:39:19 [ANALYSIS] INFO: 不足分析ログ（分析段階）開始
2025-08-15 01:39:19 [ANALYSIS] INFO: ログファイル: C:\ShiftAnalysis\shortage_analysis.log
2025-08-15 01:39:19 [ANALYSIS] INFO: ============================================================
2025-08-15 01:48:01 [ANALYSIS] INFO: ============================================================
2025-08-15 01:48:01 [ANALYSIS] INFO: 不足分析ログ（分析段階）開始
2025-08-15 01:48:01 [ANALYSIS] INFO: ログファイル: C:\ShiftAnalysis\shortage_analysis.log
2025-08-15 01:48:01 [ANALYSIS] INFO: ============================================================
2025-08-15 01:56:04 [ANALYSIS] INFO: ============================================================
2025-08-15 01:56:04 [ANALYSIS] INFO: 不足分析ログ（分析段階）開始
2025-08-15 01:56:04 [ANALYSIS] INFO: ログファイル: C:\ShiftAnalysis\shortage_analysis.log
2025-08-15 01:56:04 [ANALYSIS] INFO: ============================================================
2025-08-15 01:56:55 [ANALYSIS] INFO: ============================================================
2025-08-15 01:56:55 [ANALYSIS] INFO: 不足分析ログ（分析段階）開始
2025-08-15 01:56:55 [ANALYSIS] INFO: ログファイル: C:\ShiftAnalysis\shortage_analysis.log
2025-08-15 01:56:55 [ANALYSIS] INFO: ============================================================
2025-08-15 01:57:13 [ANALYSIS] INFO: ============================================================
2025-08-15 01:57:13 [ANALYSIS] INFO: 不足分析ログ（分析段階）開始
2025-08-15 01:57:13 [ANALYSIS] INFO: ログファイル: C:\ShiftAnalysis\shortage_analysis.log
2025-08-15 01:57:13 [ANALYSIS] INFO: ============================================================
2025-08-15 01:59:00 [ANALYSIS] INFO: ============================================================
2025-08-15 01:59:00 [ANALYSIS] INFO: 不足分析ログ（分析段階）開始
2025-08-15 01:59:00 [ANALYSIS] INFO: ログファイル: C:\ShiftAnalysis\shortage_analysis.log
2025-08-15 01:59:00 [ANALYSIS] INFO: ============================================================
2025-08-15 02:00:56 [ANALYSIS] INFO: ============================================================
2025-08-15 02:00:56 [ANALYSIS] INFO: 不足分析ログ（分析段階）開始
2025-08-15 02:00:56 [ANALYSIS] INFO: ログファイル: C:\ShiftAnalysis\shortage_analysis.log
2025-08-15 02:00:56 [ANALYSIS] INFO: ============================================================
2025-08-15 02:03:31 [ANALYSIS] INFO: ============================================================
2025-08-15 02:03:31 [ANALYSIS] INFO: 不足分析ログ（分析段階）開始
2025-08-15 02:03:31 [ANALYSIS] INFO: ログファイル: C:\ShiftAnalysis\shortage_analysis.log
2025-08-15 02:03:31 [ANALYSIS] INFO: ============================================================
2025-08-15 02:09:36 [ANALYSIS] INFO: ============================================================
2025-08-15 02:09:36 [ANALYSIS] INFO: 不足分析ログ（分析段階）開始
2025-08-15 02:09:36 [ANALYSIS] INFO: ログファイル: C:\ShiftAnalysis\shortage_analysis.log
2025-08-15 02:09:36 [ANALYSIS] INFO: ============================================================
2025-08-15 02:10:24 [ANALYSIS] INFO: ============================================================
2025-08-15 02:10:24 [ANALYSIS] INFO: 不足分析ログ（分析段階）開始
2025-08-15 02:10:24 [ANALYSIS] INFO: ログファイル: C:\ShiftAnalysis\shortage_analysis.log
2025-08-15 02:10:24 [ANALYSIS] INFO: ============================================================
2025-08-15 02:11:06 [ANALYSIS] INFO: ============================================================
2025-08-15 02:11:06 [ANALYSIS] INFO: 不足分析ログ（分析段階）開始
2025-08-15 02:11:06 [ANALYSIS] INFO: ログファイル: C:\ShiftAnalysis\shortage_analysis.log
2025-08-15 02:11:06 [ANALYSIS] INFO: ============================================================
2025-08-15 10:59:49 [ANALYSIS] INFO: ============================================================
2025-08-15 10:59:49 [ANALYSIS] INFO: 不足分析ログ（分析段階）開始
2025-08-15 10:59:49 [ANALYSIS] INFO: ログファイル: C:\ShiftAnalysis\shortage_analysis.log
2025-08-15 10:59:49 [ANALYSIS] INFO: ============================================================
2025-08-15 11:00:14 [ANALYSIS] INFO: ============================================================
2025-08-15 11:00:14 [ANALYSIS] INFO: 不足分析ログ（分析段階）開始
2025-08-15 11:00:14 [ANALYSIS] INFO: ログファイル: C:\ShiftAnalysis\shortage_analysis.log
2025-08-15 11:00:14 [ANALYSIS] INFO: ============================================================
2025-08-15 11:00:43 [ANALYSIS] INFO: ============================================================
2025-08-15 11:00:43 [ANALYSIS] INFO: 不足分析ログ（分析段階）開始
2025-08-15 11:00:43 [ANALYSIS] INFO: ログファイル: C:\ShiftAnalysis\shortage_analysis.log
2025-08-15 11:00:43 [ANALYSIS] INFO: ============================================================
2025-08-15 11:01:16 [ANALYSIS] INFO: ============================================================
2025-08-15 11:01:16 [ANALYSIS] INFO: 不足分析ログ（分析段階）開始
2025-08-15 11:01:16 [ANALYSIS] INFO: ログファイル: C:\ShiftAnalysis\shortage_analysis.log
2025-08-15 11:01:16 [ANALYSIS] INFO: ============================================================
